mode: atomic
github.com/TerraDharitri/drt-go-chain-storage/disabled/persister.go:10.32,12.2 1 1
github.com/TerraDharitri/drt-go-chain-storage/disabled/persister.go:15.44,17.2 1 1
github.com/TerraDharitri/drt-go-chain-storage/disabled/persister.go:20.51,22.2 1 1
github.com/TerraDharitri/drt-go-chain-storage/disabled/persister.go:25.41,27.2 1 1
github.com/TerraDharitri/drt-go-chain-storage/disabled/persister.go:30.35,32.2 1 1
github.com/TerraDharitri/drt-go-chain-storage/disabled/persister.go:35.44,37.2 1 1
github.com/TerraDharitri/drt-go-chain-storage/disabled/persister.go:40.37,42.2 1 1
github.com/TerraDharitri/drt-go-chain-storage/disabled/persister.go:45.43,47.2 1 1
github.com/TerraDharitri/drt-go-chain-storage/disabled/persister.go:50.69,50.70 0 1
github.com/TerraDharitri/drt-go-chain-storage/disabled/persister.go:53.43,55.2 1 1
github.com/TerraDharitri/drt-go-chain-storage/lrucache/capacity/capacityLRUCache.go:33.73,34.14 1 24
github.com/TerraDharitri/drt-go-chain-storage/lrucache/capacity/capacityLRUCache.go:34.14,36.3 1 1
github.com/TerraDharitri/drt-go-chain-storage/lrucache/capacity/capacityLRUCache.go:37.2,37.22 1 23
github.com/TerraDharitri/drt-go-chain-storage/lrucache/capacity/capacityLRUCache.go:37.22,39.3 1 1
github.com/TerraDharitri/drt-go-chain-storage/lrucache/capacity/capacityLRUCache.go:40.2,46.15 2 22
github.com/TerraDharitri/drt-go-chain-storage/lrucache/capacity/capacityLRUCache.go:50.31,57.2 5 1
github.com/TerraDharitri/drt-go-chain-storage/lrucache/capacity/capacityLRUCache.go:60.80,67.2 4 28
github.com/TerraDharitri/drt-go-chain-storage/lrucache/capacity/capacityLRUCache.go:69.87,70.21 1 46
github.com/TerraDharitri/drt-go-chain-storage/lrucache/capacity/capacityLRUCache.go:70.21,78.3 2 2
github.com/TerraDharitri/drt-go-chain-storage/lrucache/capacity/capacityLRUCache.go:81.2,81.33 1 44
github.com/TerraDharitri/drt-go-chain-storage/lrucache/capacity/capacityLRUCache.go:81.33,83.3 1 1
github.com/TerraDharitri/drt-go-chain-storage/lrucache/capacity/capacityLRUCache.go:83.8,85.3 1 43
github.com/TerraDharitri/drt-go-chain-storage/lrucache/capacity/capacityLRUCache.go:89.119,96.22 5 18
github.com/TerraDharitri/drt-go-chain-storage/lrucache/capacity/capacityLRUCache.go:96.22,98.21 2 8
github.com/TerraDharitri/drt-go-chain-storage/lrucache/capacity/capacityLRUCache.go:98.21,99.12 1 0
github.com/TerraDharitri/drt-go-chain-storage/lrucache/capacity/capacityLRUCache.go:102.3,104.10 3 8
github.com/TerraDharitri/drt-go-chain-storage/lrucache/capacity/capacityLRUCache.go:104.10,105.12 1 0
github.com/TerraDharitri/drt-go-chain-storage/lrucache/capacity/capacityLRUCache.go:108.3,108.55 1 8
github.com/TerraDharitri/drt-go-chain-storage/lrucache/capacity/capacityLRUCache.go:111.2,111.22 1 18
github.com/TerraDharitri/drt-go-chain-storage/lrucache/capacity/capacityLRUCache.go:114.85,123.2 4 44
github.com/TerraDharitri/drt-go-chain-storage/lrucache/capacity/capacityLRUCache.go:125.104,135.2 7 1
github.com/TerraDharitri/drt-go-chain-storage/lrucache/capacity/capacityLRUCache.go:138.64,142.33 3 6
github.com/TerraDharitri/drt-go-chain-storage/lrucache/capacity/capacityLRUCache.go:142.33,144.32 2 5
github.com/TerraDharitri/drt-go-chain-storage/lrucache/capacity/capacityLRUCache.go:144.32,146.4 1 0
github.com/TerraDharitri/drt-go-chain-storage/lrucache/capacity/capacityLRUCache.go:148.3,148.40 1 5
github.com/TerraDharitri/drt-go-chain-storage/lrucache/capacity/capacityLRUCache.go:151.2,151.19 1 1
github.com/TerraDharitri/drt-go-chain-storage/lrucache/capacity/capacityLRUCache.go:156.54,163.2 4 37
github.com/TerraDharitri/drt-go-chain-storage/lrucache/capacity/capacityLRUCache.go:168.97,169.21 1 3
github.com/TerraDharitri/drt-go-chain-storage/lrucache/capacity/capacityLRUCache.go:169.21,177.3 2 1
github.com/TerraDharitri/drt-go-chain-storage/lrucache/capacity/capacityLRUCache.go:179.2,183.8 4 2
github.com/TerraDharitri/drt-go-chain-storage/lrucache/capacity/capacityLRUCache.go:183.8,185.3 1 1
github.com/TerraDharitri/drt-go-chain-storage/lrucache/capacity/capacityLRUCache.go:186.2,189.23 3 1
github.com/TerraDharitri/drt-go-chain-storage/lrucache/capacity/capacityLRUCache.go:194.65,199.8 4 2
github.com/TerraDharitri/drt-go-chain-storage/lrucache/capacity/capacityLRUCache.go:199.8,201.3 1 1
github.com/TerraDharitri/drt-go-chain-storage/lrucache/capacity/capacityLRUCache.go:202.2,202.16 1 1
github.com/TerraDharitri/drt-go-chain-storage/lrucache/capacity/capacityLRUCache.go:207.52,211.33 3 2
github.com/TerraDharitri/drt-go-chain-storage/lrucache/capacity/capacityLRUCache.go:211.33,214.3 2 1
github.com/TerraDharitri/drt-go-chain-storage/lrucache/capacity/capacityLRUCache.go:215.2,215.14 1 1
github.com/TerraDharitri/drt-go-chain-storage/lrucache/capacity/capacityLRUCache.go:219.44,225.62 5 2
github.com/TerraDharitri/drt-go-chain-storage/lrucache/capacity/capacityLRUCache.go:225.62,228.3 2 2
github.com/TerraDharitri/drt-go-chain-storage/lrucache/capacity/capacityLRUCache.go:229.2,229.13 1 2
github.com/TerraDharitri/drt-go-chain-storage/lrucache/capacity/capacityLRUCache.go:233.33,238.2 3 41
github.com/TerraDharitri/drt-go-chain-storage/lrucache/capacity/capacityLRUCache.go:241.53,246.2 3 0
github.com/TerraDharitri/drt-go-chain-storage/lrucache/capacity/capacityLRUCache.go:249.38,251.16 2 9
github.com/TerraDharitri/drt-go-chain-storage/lrucache/capacity/capacityLRUCache.go:251.16,253.3 1 9
github.com/TerraDharitri/drt-go-chain-storage/lrucache/capacity/capacityLRUCache.go:257.54,262.2 4 18
github.com/TerraDharitri/drt-go-chain-storage/lrucache/capacity/capacityLRUCache.go:264.70,266.77 2 1
github.com/TerraDharitri/drt-go-chain-storage/lrucache/capacity/capacityLRUCache.go:266.77,268.3 1 0
github.com/TerraDharitri/drt-go-chain-storage/lrucache/capacity/capacityLRUCache.go:270.2,275.19 6 1
github.com/TerraDharitri/drt-go-chain-storage/lrucache/capacity/capacityLRUCache.go:278.42,279.28 1 65
github.com/TerraDharitri/drt-go-chain-storage/lrucache/capacity/capacityLRUCache.go:279.28,282.3 1 22
github.com/TerraDharitri/drt-go-chain-storage/lrucache/capacity/capacityLRUCache.go:284.2,284.86 1 43
github.com/TerraDharitri/drt-go-chain-storage/lrucache/capacity/capacityLRUCache.go:287.44,289.22 2 30
github.com/TerraDharitri/drt-go-chain-storage/lrucache/capacity/capacityLRUCache.go:289.22,292.3 2 9
github.com/TerraDharitri/drt-go-chain-storage/lrucache/capacity/capacityLRUCache.go:294.2,294.16 1 30
github.com/TerraDharitri/drt-go-chain-storage/lrucache/capacity/capacityLRUCache.go:298.45,300.2 1 2
github.com/TerraDharitri/drt-go-chain-storage/memorydb/lruMemoryDB.go:18.44,20.16 2 11
github.com/TerraDharitri/drt-go-chain-storage/memorydb/lruMemoryDB.go:20.16,22.3 1 1
github.com/TerraDharitri/drt-go-chain-storage/memorydb/lruMemoryDB.go:24.2,24.36 1 10
github.com/TerraDharitri/drt-go-chain-storage/memorydb/lruMemoryDB.go:28.44,31.2 2 11
github.com/TerraDharitri/drt-go-chain-storage/memorydb/lruMemoryDB.go:34.49,36.9 2 2
github.com/TerraDharitri/drt-go-chain-storage/memorydb/lruMemoryDB.go:36.9,38.3 1 1
github.com/TerraDharitri/drt-go-chain-storage/memorydb/lruMemoryDB.go:40.2,41.9 2 1
github.com/TerraDharitri/drt-go-chain-storage/memorydb/lruMemoryDB.go:41.9,43.3 1 0
github.com/TerraDharitri/drt-go-chain-storage/memorydb/lruMemoryDB.go:44.2,44.20 1 1
github.com/TerraDharitri/drt-go-chain-storage/memorydb/lruMemoryDB.go:48.39,50.9 2 3
github.com/TerraDharitri/drt-go-chain-storage/memorydb/lruMemoryDB.go:50.9,52.3 1 1
github.com/TerraDharitri/drt-go-chain-storage/memorydb/lruMemoryDB.go:53.2,53.30 1 2
github.com/TerraDharitri/drt-go-chain-storage/memorydb/lruMemoryDB.go:57.31,60.2 2 1
github.com/TerraDharitri/drt-go-chain-storage/memorydb/lruMemoryDB.go:63.42,66.2 2 2
github.com/TerraDharitri/drt-go-chain-storage/memorydb/lruMemoryDB.go:69.33,72.2 2 1
github.com/TerraDharitri/drt-go-chain-storage/memorydb/lruMemoryDB.go:75.39,77.2 1 0
github.com/TerraDharitri/drt-go-chain-storage/memorydb/lruMemoryDB.go:80.72,81.20 1 1
github.com/TerraDharitri/drt-go-chain-storage/memorydb/lruMemoryDB.go:81.20,83.3 1 0
github.com/TerraDharitri/drt-go-chain-storage/memorydb/lruMemoryDB.go:85.2,86.25 2 1
github.com/TerraDharitri/drt-go-chain-storage/memorydb/lruMemoryDB.go:86.25,88.10 2 7
github.com/TerraDharitri/drt-go-chain-storage/memorydb/lruMemoryDB.go:88.10,89.12 1 0
github.com/TerraDharitri/drt-go-chain-storage/memorydb/lruMemoryDB.go:92.3,93.10 2 7
github.com/TerraDharitri/drt-go-chain-storage/memorydb/lruMemoryDB.go:93.10,94.12 1 0
github.com/TerraDharitri/drt-go-chain-storage/memorydb/lruMemoryDB.go:97.3,98.22 2 7
github.com/TerraDharitri/drt-go-chain-storage/memorydb/lruMemoryDB.go:98.22,100.4 1 0
github.com/TerraDharitri/drt-go-chain-storage/memorydb/lruMemoryDB.go:105.39,107.2 1 0
github.com/TerraDharitri/drt-go-chain-storage/memorydb/memorydb.go:22.16,27.2 1 10
github.com/TerraDharitri/drt-go-chain-storage/memorydb/memorydb.go:30.41,37.2 4 11
github.com/TerraDharitri/drt-go-chain-storage/memorydb/memorydb.go:40.46,46.9 4 2
github.com/TerraDharitri/drt-go-chain-storage/memorydb/memorydb.go:46.9,48.3 1 1
github.com/TerraDharitri/drt-go-chain-storage/memorydb/memorydb.go:50.2,50.17 1 1
github.com/TerraDharitri/drt-go-chain-storage/memorydb/memorydb.go:54.36,60.9 4 3
github.com/TerraDharitri/drt-go-chain-storage/memorydb/memorydb.go:60.9,62.3 1 2
github.com/TerraDharitri/drt-go-chain-storage/memorydb/memorydb.go:63.2,63.12 1 1
github.com/TerraDharitri/drt-go-chain-storage/memorydb/memorydb.go:67.28,70.2 1 1
github.com/TerraDharitri/drt-go-chain-storage/memorydb/memorydb.go:73.39,80.2 4 2
github.com/TerraDharitri/drt-go-chain-storage/memorydb/memorydb.go:83.30,90.2 4 1
github.com/TerraDharitri/drt-go-chain-storage/memorydb/memorydb.go:93.69,94.20 1 1
github.com/TerraDharitri/drt-go-chain-storage/memorydb/memorydb.go:94.20,96.3 1 0
github.com/TerraDharitri/drt-go-chain-storage/memorydb/memorydb.go:98.2,101.25 3 1
github.com/TerraDharitri/drt-go-chain-storage/memorydb/memorydb.go:101.25,103.22 2 7
github.com/TerraDharitri/drt-go-chain-storage/memorydb/memorydb.go:103.22,105.4 1 0
github.com/TerraDharitri/drt-go-chain-storage/memorydb/memorydb.go:110.36,112.2 1 0
github.com/TerraDharitri/drt-go-chain-storage/memorydb/memorydb.go:115.36,117.2 1 0
github.com/TerraDharitri/drt-go-chain-storage/storageCacherAdapter/storageCacherAdapter.go:33.34,34.25 1 26
github.com/TerraDharitri/drt-go-chain-storage/storageCacherAdapter/storageCacherAdapter.go:34.25,36.3 1 1
github.com/TerraDharitri/drt-go-chain-storage/storageCacherAdapter/storageCacherAdapter.go:37.2,37.21 1 25
github.com/TerraDharitri/drt-go-chain-storage/storageCacherAdapter/storageCacherAdapter.go:37.21,39.3 1 1
github.com/TerraDharitri/drt-go-chain-storage/storageCacherAdapter/storageCacherAdapter.go:40.2,40.30 1 24
github.com/TerraDharitri/drt-go-chain-storage/storageCacherAdapter/storageCacherAdapter.go:40.30,42.3 1 1
github.com/TerraDharitri/drt-go-chain-storage/storageCacherAdapter/storageCacherAdapter.go:43.2,43.36 1 23
github.com/TerraDharitri/drt-go-chain-storage/storageCacherAdapter/storageCacherAdapter.go:43.36,45.3 1 1
github.com/TerraDharitri/drt-go-chain-storage/storageCacherAdapter/storageCacherAdapter.go:47.2,54.8 1 22
github.com/TerraDharitri/drt-go-chain-storage/storageCacherAdapter/storageCacherAdapter.go:58.40,63.2 3 1
github.com/TerraDharitri/drt-go-chain-storage/storageCacherAdapter/storageCacherAdapter.go:66.89,72.18 4 3
github.com/TerraDharitri/drt-go-chain-storage/storageCacherAdapter/storageCacherAdapter.go:72.18,74.3 1 1
github.com/TerraDharitri/drt-go-chain-storage/storageCacherAdapter/storageCacherAdapter.go:76.2,76.52 1 2
github.com/TerraDharitri/drt-go-chain-storage/storageCacherAdapter/storageCacherAdapter.go:76.52,78.10 2 3
github.com/TerraDharitri/drt-go-chain-storage/storageCacherAdapter/storageCacherAdapter.go:78.10,80.12 2 1
github.com/TerraDharitri/drt-go-chain-storage/storageCacherAdapter/storageCacherAdapter.go:83.3,84.32 2 2
github.com/TerraDharitri/drt-go-chain-storage/storageCacherAdapter/storageCacherAdapter.go:84.32,85.12 1 0
github.com/TerraDharitri/drt-go-chain-storage/storageCacherAdapter/storageCacherAdapter.go:88.3,89.17 2 2
github.com/TerraDharitri/drt-go-chain-storage/storageCacherAdapter/storageCacherAdapter.go:89.17,91.12 2 0
github.com/TerraDharitri/drt-go-chain-storage/storageCacherAdapter/storageCacherAdapter.go:94.3,94.25 1 2
github.com/TerraDharitri/drt-go-chain-storage/storageCacherAdapter/storageCacherAdapter.go:97.2,97.32 1 2
github.com/TerraDharitri/drt-go-chain-storage/storageCacherAdapter/storageCacherAdapter.go:100.73,102.8 2 2
github.com/TerraDharitri/drt-go-chain-storage/storageCacherAdapter/storageCacherAdapter.go:102.8,104.3 1 0
github.com/TerraDharitri/drt-go-chain-storage/storageCacherAdapter/storageCacherAdapter.go:106.2,107.16 2 2
github.com/TerraDharitri/drt-go-chain-storage/storageCacherAdapter/storageCacherAdapter.go:107.16,110.3 2 0
github.com/TerraDharitri/drt-go-chain-storage/storageCacherAdapter/storageCacherAdapter.go:112.2,112.24 1 2
github.com/TerraDharitri/drt-go-chain-storage/storageCacherAdapter/storageCacherAdapter.go:116.68,121.8 4 3
github.com/TerraDharitri/drt-go-chain-storage/storageCacherAdapter/storageCacherAdapter.go:121.8,123.3 1 1
github.com/TerraDharitri/drt-go-chain-storage/storageCacherAdapter/storageCacherAdapter.go:125.2,125.18 1 2
github.com/TerraDharitri/drt-go-chain-storage/storageCacherAdapter/storageCacherAdapter.go:125.18,127.3 1 1
github.com/TerraDharitri/drt-go-chain-storage/storageCacherAdapter/storageCacherAdapter.go:129.2,130.16 2 1
github.com/TerraDharitri/drt-go-chain-storage/storageCacherAdapter/storageCacherAdapter.go:130.16,132.3 1 0
github.com/TerraDharitri/drt-go-chain-storage/storageCacherAdapter/storageCacherAdapter.go:134.2,135.16 2 1
github.com/TerraDharitri/drt-go-chain-storage/storageCacherAdapter/storageCacherAdapter.go:135.16,138.3 2 0
github.com/TerraDharitri/drt-go-chain-storage/storageCacherAdapter/storageCacherAdapter.go:140.2,140.25 1 1
github.com/TerraDharitri/drt-go-chain-storage/storageCacherAdapter/storageCacherAdapter.go:143.84,146.8 3 1
github.com/TerraDharitri/drt-go-chain-storage/storageCacherAdapter/storageCacherAdapter.go:146.8,149.3 2 0
github.com/TerraDharitri/drt-go-chain-storage/storageCacherAdapter/storageCacherAdapter.go:151.2,152.16 2 1
github.com/TerraDharitri/drt-go-chain-storage/storageCacherAdapter/storageCacherAdapter.go:152.16,154.3 1 0
github.com/TerraDharitri/drt-go-chain-storage/storageCacherAdapter/storageCacherAdapter.go:156.2,156.24 1 1
github.com/TerraDharitri/drt-go-chain-storage/storageCacherAdapter/storageCacherAdapter.go:160.53,165.15 4 4
github.com/TerraDharitri/drt-go-chain-storage/storageCacherAdapter/storageCacherAdapter.go:165.15,167.3 1 1
github.com/TerraDharitri/drt-go-chain-storage/storageCacherAdapter/storageCacherAdapter.go:169.2,169.18 1 3
github.com/TerraDharitri/drt-go-chain-storage/storageCacherAdapter/storageCacherAdapter.go:169.18,171.3 1 1
github.com/TerraDharitri/drt-go-chain-storage/storageCacherAdapter/storageCacherAdapter.go:173.2,174.19 2 2
github.com/TerraDharitri/drt-go-chain-storage/storageCacherAdapter/storageCacherAdapter.go:178.69,183.2 3 1
github.com/TerraDharitri/drt-go-chain-storage/storageCacherAdapter/storageCacherAdapter.go:186.102,188.8 2 0
github.com/TerraDharitri/drt-go-chain-storage/storageCacherAdapter/storageCacherAdapter.go:188.8,190.3 1 0
github.com/TerraDharitri/drt-go-chain-storage/storageCacherAdapter/storageCacherAdapter.go:192.2,194.21 2 0
github.com/TerraDharitri/drt-go-chain-storage/storageCacherAdapter/storageCacherAdapter.go:198.51,203.29 4 3
github.com/TerraDharitri/drt-go-chain-storage/storageCacherAdapter/storageCacherAdapter.go:203.29,205.3 1 2
github.com/TerraDharitri/drt-go-chain-storage/storageCacherAdapter/storageCacherAdapter.go:207.2,208.16 2 1
github.com/TerraDharitri/drt-go-chain-storage/storageCacherAdapter/storageCacherAdapter.go:208.16,210.3 1 1
github.com/TerraDharitri/drt-go-chain-storage/storageCacherAdapter/storageCacherAdapter.go:214.48,220.28 5 2
github.com/TerraDharitri/drt-go-chain-storage/storageCacherAdapter/storageCacherAdapter.go:220.28,222.10 2 2
github.com/TerraDharitri/drt-go-chain-storage/storageCacherAdapter/storageCacherAdapter.go:222.10,223.12 1 0
github.com/TerraDharitri/drt-go-chain-storage/storageCacherAdapter/storageCacherAdapter.go:226.3,226.47 1 2
github.com/TerraDharitri/drt-go-chain-storage/storageCacherAdapter/storageCacherAdapter.go:229.2,229.18 1 2
github.com/TerraDharitri/drt-go-chain-storage/storageCacherAdapter/storageCacherAdapter.go:229.18,231.3 1 1
github.com/TerraDharitri/drt-go-chain-storage/storageCacherAdapter/storageCacherAdapter.go:233.2,233.45 1 1
github.com/TerraDharitri/drt-go-chain-storage/storageCacherAdapter/storageCacherAdapter.go:233.45,236.3 2 1
github.com/TerraDharitri/drt-go-chain-storage/storageCacherAdapter/storageCacherAdapter.go:238.2,239.19 2 1
github.com/TerraDharitri/drt-go-chain-storage/storageCacherAdapter/storageCacherAdapter.go:243.42,249.2 4 1
github.com/TerraDharitri/drt-go-chain-storage/storageCacherAdapter/storageCacherAdapter.go:252.62,257.2 3 1
github.com/TerraDharitri/drt-go-chain-storage/storageCacherAdapter/storageCacherAdapter.go:260.46,262.2 1 1
github.com/TerraDharitri/drt-go-chain-storage/storageCacherAdapter/storageCacherAdapter.go:265.92,266.2 0 1
github.com/TerraDharitri/drt-go-chain-storage/storageCacherAdapter/storageCacherAdapter.go:269.61,270.2 0 1
github.com/TerraDharitri/drt-go-chain-storage/storageCacherAdapter/storageCacherAdapter.go:273.46,280.2 5 6
github.com/TerraDharitri/drt-go-chain-storage/storageCacherAdapter/storageCacherAdapter.go:283.54,285.2 1 1
github.com/TerraDharitri/drt-go-chain-storage/storageUnit/nilStorer.go:16.32,18.2 1 0
github.com/TerraDharitri/drt-go-chain-storage/storageUnit/nilStorer.go:21.71,23.2 1 0
github.com/TerraDharitri/drt-go-chain-storage/storageUnit/nilStorer.go:26.90,28.2 1 0
github.com/TerraDharitri/drt-go-chain-storage/storageUnit/nilStorer.go:31.60,33.2 1 0
github.com/TerraDharitri/drt-go-chain-storage/storageUnit/nilStorer.go:36.45,38.2 1 0
github.com/TerraDharitri/drt-go-chain-storage/storageUnit/nilStorer.go:41.62,43.2 1 0
github.com/TerraDharitri/drt-go-chain-storage/storageUnit/nilStorer.go:46.55,48.2 1 0
github.com/TerraDharitri/drt-go-chain-storage/storageUnit/nilStorer.go:51.36,53.2 1 0
github.com/TerraDharitri/drt-go-chain-storage/storageUnit/nilStorer.go:56.52,58.2 1 0
github.com/TerraDharitri/drt-go-chain-storage/storageUnit/nilStorer.go:61.42,63.2 1 0
github.com/TerraDharitri/drt-go-chain-storage/storageUnit/nilStorer.go:66.61,68.2 1 0
github.com/TerraDharitri/drt-go-chain-storage/storageUnit/nilStorer.go:71.45,73.2 1 0
github.com/TerraDharitri/drt-go-chain-storage/storageUnit/nilStorer.go:76.36,77.2 0 0
github.com/TerraDharitri/drt-go-chain-storage/storageUnit/nilStorer.go:80.42,82.2 1 0
github.com/TerraDharitri/drt-go-chain-storage/storageUnit/nilStorer.go:85.70,86.2 0 0
github.com/TerraDharitri/drt-go-chain-storage/storageUnit/nilStorer.go:89.44,91.2 1 0
github.com/TerraDharitri/drt-go-chain-storage/storageUnit/storageunit.go:29.71,30.20 1 17
github.com/TerraDharitri/drt-go-chain-storage/storageUnit/storageunit.go:30.20,32.3 1 1
github.com/TerraDharitri/drt-go-chain-storage/storageUnit/storageunit.go:33.2,33.20 1 16
github.com/TerraDharitri/drt-go-chain-storage/storageUnit/storageunit.go:33.20,35.3 1 1
github.com/TerraDharitri/drt-go-chain-storage/storageUnit/storageunit.go:37.2,42.19 2 15
github.com/TerraDharitri/drt-go-chain-storage/storageUnit/storageunit.go:46.44,53.16 5 11
github.com/TerraDharitri/drt-go-chain-storage/storageUnit/storageunit.go:53.16,56.3 2 0
github.com/TerraDharitri/drt-go-chain-storage/storageUnit/storageunit.go:58.2,58.12 1 11
github.com/TerraDharitri/drt-go-chain-storage/storageUnit/storageunit.go:62.61,64.2 1 0
github.com/TerraDharitri/drt-go-chain-storage/storageUnit/storageunit.go:67.49,69.2 1 0
github.com/TerraDharitri/drt-go-chain-storage/storageUnit/storageunit.go:72.30,76.16 3 0
github.com/TerraDharitri/drt-go-chain-storage/storageUnit/storageunit.go:76.16,79.3 2 0
github.com/TerraDharitri/drt-go-chain-storage/storageUnit/storageunit.go:81.2,81.12 1 0
github.com/TerraDharitri/drt-go-chain-storage/storageUnit/storageunit.go:85.71,87.2 1 0
github.com/TerraDharitri/drt-go-chain-storage/storageUnit/storageunit.go:92.48,99.9 5 4
github.com/TerraDharitri/drt-go-chain-storage/storageUnit/storageunit.go:99.9,104.17 2 2
github.com/TerraDharitri/drt-go-chain-storage/storageUnit/storageunit.go:104.17,106.4 1 1
github.com/TerraDharitri/drt-go-chain-storage/storageUnit/storageunit.go:108.3,109.19 2 1
github.com/TerraDharitri/drt-go-chain-storage/storageUnit/storageunit.go:109.19,111.4 1 0
github.com/TerraDharitri/drt-go-chain-storage/storageUnit/storageunit.go:114.3,114.34 1 1
github.com/TerraDharitri/drt-go-chain-storage/storageUnit/storageunit.go:117.2,117.24 1 3
github.com/TerraDharitri/drt-go-chain-storage/storageUnit/storageunit.go:121.67,123.2 1 0
github.com/TerraDharitri/drt-go-chain-storage/storageUnit/storageunit.go:126.87,128.27 2 0
github.com/TerraDharitri/drt-go-chain-storage/storageUnit/storageunit.go:128.27,130.17 2 0
github.com/TerraDharitri/drt-go-chain-storage/storageUnit/storageunit.go:130.17,135.12 2 0
github.com/TerraDharitri/drt-go-chain-storage/storageUnit/storageunit.go:137.3,138.38 2 0
github.com/TerraDharitri/drt-go-chain-storage/storageUnit/storageunit.go:140.2,140.21 1 0
github.com/TerraDharitri/drt-go-chain-storage/storageUnit/storageunit.go:145.38,150.9 4 10
github.com/TerraDharitri/drt-go-chain-storage/storageUnit/storageunit.go:150.9,152.3 1 4
github.com/TerraDharitri/drt-go-chain-storage/storageUnit/storageunit.go:154.2,154.29 1 6
github.com/TerraDharitri/drt-go-chain-storage/storageUnit/storageunit.go:158.56,160.2 1 0
github.com/TerraDharitri/drt-go-chain-storage/storageUnit/storageunit.go:163.57,165.2 1 0
github.com/TerraDharitri/drt-go-chain-storage/storageUnit/storageunit.go:168.41,176.2 5 3
github.com/TerraDharitri/drt-go-chain-storage/storageUnit/storageunit.go:179.29,181.2 1 5
github.com/TerraDharitri/drt-go-chain-storage/storageUnit/storageunit.go:184.36,190.2 4 1
github.com/TerraDharitri/drt-go-chain-storage/storageUnit/storageunit.go:193.38,195.2 1 0
github.com/TerraDharitri/drt-go-chain-storage/sharded/shardIDProvider.go:22.70,23.34 1 8
github.com/TerraDharitri/drt-go-chain-storage/sharded/shardIDProvider.go:23.34,25.3 1 2
github.com/TerraDharitri/drt-go-chain-storage/sharded/shardIDProvider.go:27.2,33.16 4 6
github.com/TerraDharitri/drt-go-chain-storage/sharded/shardIDProvider.go:37.57,39.31 2 23
github.com/TerraDharitri/drt-go-chain-storage/sharded/shardIDProvider.go:39.31,41.3 1 9
github.com/TerraDharitri/drt-go-chain-storage/sharded/shardIDProvider.go:43.2,45.39 3 23
github.com/TerraDharitri/drt-go-chain-storage/sharded/shardIDProvider.go:45.39,47.3 1 23
github.com/TerraDharitri/drt-go-chain-storage/sharded/shardIDProvider.go:49.2,50.35 2 23
github.com/TerraDharitri/drt-go-chain-storage/sharded/shardIDProvider.go:50.35,52.3 1 3
github.com/TerraDharitri/drt-go-chain-storage/sharded/shardIDProvider.go:54.2,54.19 1 23
github.com/TerraDharitri/drt-go-chain-storage/sharded/shardIDProvider.go:58.52,60.2 1 19
github.com/TerraDharitri/drt-go-chain-storage/sharded/shardIDProvider.go:63.51,66.51 2 3
github.com/TerraDharitri/drt-go-chain-storage/sharded/shardIDProvider.go:66.51,68.3 1 12
github.com/TerraDharitri/drt-go-chain-storage/sharded/shardIDProvider.go:70.2,70.17 1 3
github.com/TerraDharitri/drt-go-chain-storage/sharded/shardIDProvider.go:77.45,81.2 3 6
github.com/TerraDharitri/drt-go-chain-storage/sharded/shardIDProvider.go:84.51,86.12 2 6
github.com/TerraDharitri/drt-go-chain-storage/sharded/shardIDProvider.go:86.12,89.3 2 0
github.com/TerraDharitri/drt-go-chain-storage/sharded/shardIDProvider.go:90.2,90.75 1 6
github.com/TerraDharitri/drt-go-chain-storage/sharded/shardIDProvider.go:94.50,96.2 1 2
github.com/TerraDharitri/drt-go-chain-storage/sharded/shardedDB.go:28.141,29.20 1 6
github.com/TerraDharitri/drt-go-chain-storage/sharded/shardedDB.go:29.20,31.3 1 1
github.com/TerraDharitri/drt-go-chain-storage/sharded/shardedDB.go:32.2,32.35 1 5
github.com/TerraDharitri/drt-go-chain-storage/sharded/shardedDB.go:32.35,34.3 1 1
github.com/TerraDharitri/drt-go-chain-storage/sharded/shardedDB.go:35.2,35.29 1 4
github.com/TerraDharitri/drt-go-chain-storage/sharded/shardedDB.go:35.29,37.3 1 1
github.com/TerraDharitri/drt-go-chain-storage/sharded/shardedDB.go:39.2,40.51 2 3
github.com/TerraDharitri/drt-go-chain-storage/sharded/shardedDB.go:40.51,43.17 3 8
github.com/TerraDharitri/drt-go-chain-storage/sharded/shardedDB.go:43.17,45.4 1 0
github.com/TerraDharitri/drt-go-chain-storage/sharded/shardedDB.go:46.3,46.27 1 8
github.com/TerraDharitri/drt-go-chain-storage/sharded/shardedDB.go:49.2,52.8 1 3
github.com/TerraDharitri/drt-go-chain-storage/sharded/shardedDB.go:55.64,57.2 1 8
github.com/TerraDharitri/drt-go-chain-storage/sharded/shardedDB.go:59.57,61.2 1 9
github.com/TerraDharitri/drt-go-chain-storage/sharded/shardedDB.go:64.62,66.2 1 3
github.com/TerraDharitri/drt-go-chain-storage/sharded/shardedDB.go:69.60,71.2 1 3
github.com/TerraDharitri/drt-go-chain-storage/sharded/shardedDB.go:74.50,76.2 1 2
github.com/TerraDharitri/drt-go-chain-storage/sharded/shardedDB.go:79.42,80.41 1 2
github.com/TerraDharitri/drt-go-chain-storage/sharded/shardedDB.go:80.41,82.17 2 8
github.com/TerraDharitri/drt-go-chain-storage/sharded/shardedDB.go:82.17,84.4 1 0
github.com/TerraDharitri/drt-go-chain-storage/sharded/shardedDB.go:87.2,87.12 1 2
github.com/TerraDharitri/drt-go-chain-storage/sharded/shardedDB.go:91.53,93.2 1 1
github.com/TerraDharitri/drt-go-chain-storage/sharded/shardedDB.go:96.44,97.41 1 0
github.com/TerraDharitri/drt-go-chain-storage/sharded/shardedDB.go:97.41,99.17 2 0
github.com/TerraDharitri/drt-go-chain-storage/sharded/shardedDB.go:99.17,101.4 1 0
github.com/TerraDharitri/drt-go-chain-storage/sharded/shardedDB.go:104.2,104.12 1 0
github.com/TerraDharitri/drt-go-chain-storage/sharded/shardedDB.go:108.50,109.41 1 1
github.com/TerraDharitri/drt-go-chain-storage/sharded/shardedDB.go:109.41,111.17 2 4
github.com/TerraDharitri/drt-go-chain-storage/sharded/shardedDB.go:111.17,113.4 1 0
github.com/TerraDharitri/drt-go-chain-storage/sharded/shardedDB.go:116.2,116.12 1 1
github.com/TerraDharitri/drt-go-chain-storage/sharded/shardedDB.go:120.81,121.41 1 1
github.com/TerraDharitri/drt-go-chain-storage/sharded/shardedDB.go:121.41,123.3 1 4
github.com/TerraDharitri/drt-go-chain-storage/sharded/shardedDB.go:127.50,129.2 1 0
github.com/TerraDharitri/drt-go-chain-storage/txcache/maps/concurrentMap.go:26.54,28.18 1 11
github.com/TerraDharitri/drt-go-chain-storage/txcache/maps/concurrentMap.go:28.18,30.3 1 1
github.com/TerraDharitri/drt-go-chain-storage/txcache/maps/concurrentMap.go:32.2,38.11 3 11
github.com/TerraDharitri/drt-go-chain-storage/txcache/maps/concurrentMap.go:41.44,48.41 4 11012
github.com/TerraDharitri/drt-go-chain-storage/txcache/maps/concurrentMap.go:48.41,52.3 1 44045
github.com/TerraDharitri/drt-go-chain-storage/txcache/maps/concurrentMap.go:56.60,61.2 4 10012
github.com/TerraDharitri/drt-go-chain-storage/txcache/maps/concurrentMap.go:64.73,68.9 4 10006
github.com/TerraDharitri/drt-go-chain-storage/txcache/maps/concurrentMap.go:68.9,70.3 1 3281
github.com/TerraDharitri/drt-go-chain-storage/txcache/maps/concurrentMap.go:71.2,72.12 2 10006
github.com/TerraDharitri/drt-go-chain-storage/txcache/maps/concurrentMap.go:76.61,82.2 5 1002
github.com/TerraDharitri/drt-go-chain-storage/txcache/maps/concurrentMap.go:85.46,91.2 5 1005
github.com/TerraDharitri/drt-go-chain-storage/txcache/maps/concurrentMap.go:94.64,102.2 6 10002
github.com/TerraDharitri/drt-go-chain-storage/txcache/maps/concurrentMap.go:104.66,108.2 3 32027
github.com/TerraDharitri/drt-go-chain-storage/txcache/maps/concurrentMap.go:111.31,114.32 3 32027
github.com/TerraDharitri/drt-go-chain-storage/txcache/maps/concurrentMap.go:114.32,117.3 2 192027
github.com/TerraDharitri/drt-go-chain-storage/txcache/maps/concurrentMap.go:118.2,118.13 1 32027
github.com/TerraDharitri/drt-go-chain-storage/txcache/maps/concurrentMap.go:122.33,126.2 1 11001
github.com/TerraDharitri/drt-go-chain-storage/txcache/maps/concurrentMap.go:129.37,133.31 3 2003
github.com/TerraDharitri/drt-go-chain-storage/txcache/maps/concurrentMap.go:133.31,137.3 3 8012
github.com/TerraDharitri/drt-go-chain-storage/txcache/maps/concurrentMap.go:138.2,138.14 1 2003
github.com/TerraDharitri/drt-go-chain-storage/txcache/maps/concurrentMap.go:142.41,149.31 4 1001
github.com/TerraDharitri/drt-go-chain-storage/txcache/maps/concurrentMap.go:149.31,151.32 2 4004
github.com/TerraDharitri/drt-go-chain-storage/txcache/maps/concurrentMap.go:151.32,153.4 1 4
github.com/TerraDharitri/drt-go-chain-storage/txcache/maps/concurrentMap.go:154.3,154.24 1 4004
github.com/TerraDharitri/drt-go-chain-storage/txcache/maps/concurrentMap.go:157.2,157.13 1 1001
github.com/TerraDharitri/drt-go-chain-storage/txcache/maps/concurrentMap.go:164.43,167.31 2 1001
github.com/TerraDharitri/drt-go-chain-storage/txcache/maps/concurrentMap.go:167.31,169.39 2 4004
github.com/TerraDharitri/drt-go-chain-storage/txcache/maps/concurrentMap.go:169.39,171.4 1 3
github.com/TerraDharitri/drt-go-chain-storage/txcache/maps/concurrentMap.go:172.3,172.24 1 4004
github.com/TerraDharitri/drt-go-chain-storage/txcache/maps/concurrentMap.go:176.59,180.2 3 4005
github.com/TerraDharitri/drt-go-chain-storage/immunitycache/cache.go:31.67,36.16 4 19
github.com/TerraDharitri/drt-go-chain-storage/immunitycache/cache.go:36.16,38.3 1 5
github.com/TerraDharitri/drt-go-chain-storage/immunitycache/cache.go:40.2,45.20 3 14
github.com/TerraDharitri/drt-go-chain-storage/immunitycache/cache.go:48.53,56.48 6 10015
github.com/TerraDharitri/drt-go-chain-storage/immunitycache/cache.go:56.48,58.3 1 160045
github.com/TerraDharitri/drt-go-chain-storage/immunitycache/cache.go:62.88,64.32 2 5
github.com/TerraDharitri/drt-go-chain-storage/immunitycache/cache.go:64.32,68.3 3 1
github.com/TerraDharitri/drt-go-chain-storage/immunitycache/cache.go:70.2,74.44 3 4
github.com/TerraDharitri/drt-go-chain-storage/immunitycache/cache.go:74.44,80.3 4 4
github.com/TerraDharitri/drt-go-chain-storage/immunitycache/cache.go:82.2,82.8 1 4
github.com/TerraDharitri/drt-go-chain-storage/immunitycache/cache.go:85.76,87.84 2 4201
github.com/TerraDharitri/drt-go-chain-storage/immunitycache/cache.go:87.84,89.3 1 43
github.com/TerraDharitri/drt-go-chain-storage/immunitycache/cache.go:91.2,92.17 2 4201
github.com/TerraDharitri/drt-go-chain-storage/immunitycache/cache.go:95.66,97.2 1 5
github.com/TerraDharitri/drt-go-chain-storage/immunitycache/cache.go:99.78,102.27 2 4
github.com/TerraDharitri/drt-go-chain-storage/immunitycache/cache.go:102.27,105.3 2 16
github.com/TerraDharitri/drt-go-chain-storage/immunitycache/cache.go:107.2,107.15 1 4
github.com/TerraDharitri/drt-go-chain-storage/immunitycache/cache.go:110.64,112.2 1 30087
github.com/TerraDharitri/drt-go-chain-storage/immunitycache/cache.go:115.35,118.32 3 30095
github.com/TerraDharitri/drt-go-chain-storage/immunitycache/cache.go:118.32,121.3 2 118985
github.com/TerraDharitri/drt-go-chain-storage/immunitycache/cache.go:122.2,122.13 1 30095
github.com/TerraDharitri/drt-go-chain-storage/immunitycache/cache.go:125.79,129.2 3 4
github.com/TerraDharitri/drt-go-chain-storage/immunitycache/cache.go:131.75,137.2 4 30071
github.com/TerraDharitri/drt-go-chain-storage/immunitycache/cache.go:140.71,142.8 2 9
github.com/TerraDharitri/drt-go-chain-storage/immunitycache/cache.go:142.8,144.3 1 6
github.com/TerraDharitri/drt-go-chain-storage/immunitycache/cache.go:146.2,146.19 1 3
github.com/TerraDharitri/drt-go-chain-storage/immunitycache/cache.go:150.65,153.2 2 9
github.com/TerraDharitri/drt-go-chain-storage/immunitycache/cache.go:156.47,160.2 3 5
github.com/TerraDharitri/drt-go-chain-storage/immunitycache/cache.go:163.72,165.2 1 3
github.com/TerraDharitri/drt-go-chain-storage/immunitycache/cache.go:168.101,172.10 4 30052
github.com/TerraDharitri/drt-go-chain-storage/immunitycache/cache.go:172.10,173.12 1 30051
github.com/TerraDharitri/drt-go-chain-storage/immunitycache/cache.go:173.12,175.4 1 20046
github.com/TerraDharitri/drt-go-chain-storage/immunitycache/cache.go:175.9,177.4 1 10005
github.com/TerraDharitri/drt-go-chain-storage/immunitycache/cache.go:180.2,180.19 1 30052
github.com/TerraDharitri/drt-go-chain-storage/immunitycache/cache.go:184.93,187.2 2 1
github.com/TerraDharitri/drt-go-chain-storage/immunitycache/cache.go:190.45,192.2 1 4
github.com/TerraDharitri/drt-go-chain-storage/immunitycache/cache.go:196.60,199.2 2 5
github.com/TerraDharitri/drt-go-chain-storage/immunitycache/cache.go:202.41,204.2 1 0
github.com/TerraDharitri/drt-go-chain-storage/immunitycache/cache.go:207.34,211.2 1 10001
github.com/TerraDharitri/drt-go-chain-storage/immunitycache/cache.go:214.40,216.2 1 1
github.com/TerraDharitri/drt-go-chain-storage/immunitycache/cache.go:219.36,221.2 1 6
github.com/TerraDharitri/drt-go-chain-storage/immunitycache/cache.go:224.56,226.2 1 0
github.com/TerraDharitri/drt-go-chain-storage/immunitycache/cache.go:229.38,231.47 2 13
github.com/TerraDharitri/drt-go-chain-storage/immunitycache/cache.go:231.47,233.3 1 13
github.com/TerraDharitri/drt-go-chain-storage/immunitycache/cache.go:234.2,234.14 1 13
github.com/TerraDharitri/drt-go-chain-storage/immunitycache/cache.go:237.63,241.2 3 10038
github.com/TerraDharitri/drt-go-chain-storage/immunitycache/cache.go:244.44,246.47 2 13
github.com/TerraDharitri/drt-go-chain-storage/immunitycache/cache.go:246.47,248.3 1 13
github.com/TerraDharitri/drt-go-chain-storage/immunitycache/cache.go:249.2,249.14 1 13
github.com/TerraDharitri/drt-go-chain-storage/immunitycache/cache.go:253.41,255.47 2 7
github.com/TerraDharitri/drt-go-chain-storage/immunitycache/cache.go:255.47,257.3 1 7
github.com/TerraDharitri/drt-go-chain-storage/immunitycache/cache.go:258.2,258.17 1 7
github.com/TerraDharitri/drt-go-chain-storage/immunitycache/cache.go:262.42,266.47 3 4
github.com/TerraDharitri/drt-go-chain-storage/immunitycache/cache.go:266.47,268.3 1 4
github.com/TerraDharitri/drt-go-chain-storage/immunitycache/cache.go:270.2,270.13 1 4
github.com/TerraDharitri/drt-go-chain-storage/immunitycache/cache.go:274.87,276.2 1 0
github.com/TerraDharitri/drt-go-chain-storage/immunitycache/cache.go:279.54,281.2 1 0
github.com/TerraDharitri/drt-go-chain-storage/immunitycache/cache.go:284.66,285.47 1 1
github.com/TerraDharitri/drt-go-chain-storage/immunitycache/cache.go:285.47,287.3 1 1
github.com/TerraDharitri/drt-go-chain-storage/immunitycache/cache.go:291.43,298.21 6 3
github.com/TerraDharitri/drt-go-chain-storage/immunitycache/cache.go:298.21,309.3 3 1
github.com/TerraDharitri/drt-go-chain-storage/immunitycache/cache.go:311.2,311.42 1 2
github.com/TerraDharitri/drt-go-chain-storage/immunitycache/cache.go:311.42,313.3 1 1
github.com/TerraDharitri/drt-go-chain-storage/immunitycache/cache.go:315.2,321.3 1 2
github.com/TerraDharitri/drt-go-chain-storage/immunitycache/cache.go:325.40,327.2 1 1
github.com/TerraDharitri/drt-go-chain-storage/immunitycache/cache.go:330.48,332.2 1 0
github.com/TerraDharitri/drt-go-chain-storage/immunitycache/cacheItem.go:14.73,20.2 1 30074
github.com/TerraDharitri/drt-go-chain-storage/immunitycache/cacheItem.go:22.50,24.2 1 60050
github.com/TerraDharitri/drt-go-chain-storage/immunitycache/cacheItem.go:26.50,28.2 1 17
github.com/TerraDharitri/drt-go-chain-storage/immunitycache/chunk.go:28.66,37.2 2 160049
github.com/TerraDharitri/drt-go-chain-storage/immunitycache/chunk.go:40.81,44.27 3 7
github.com/TerraDharitri/drt-go-chain-storage/immunitycache/chunk.go:44.27,47.9 2 21
github.com/TerraDharitri/drt-go-chain-storage/immunitycache/chunk.go:47.9,51.4 2 15
github.com/TerraDharitri/drt-go-chain-storage/immunitycache/chunk.go:51.9,54.4 1 6
github.com/TerraDharitri/drt-go-chain-storage/immunitycache/chunk.go:57.3,57.46 1 21
github.com/TerraDharitri/drt-go-chain-storage/immunitycache/chunk.go:60.2,60.8 1 7
github.com/TerraDharitri/drt-go-chain-storage/immunitycache/chunk.go:63.74,65.9 2 35
github.com/TerraDharitri/drt-go-chain-storage/immunitycache/chunk.go:65.9,67.3 1 12
github.com/TerraDharitri/drt-go-chain-storage/immunitycache/chunk.go:69.2,69.27 1 23
github.com/TerraDharitri/drt-go-chain-storage/immunitycache/chunk.go:73.72,78.16 4 30074
github.com/TerraDharitri/drt-go-chain-storage/immunitycache/chunk.go:78.16,81.3 1 10006
github.com/TerraDharitri/drt-go-chain-storage/immunitycache/chunk.go:84.2,84.34 1 20068
github.com/TerraDharitri/drt-go-chain-storage/immunitycache/chunk.go:84.34,86.3 1 2
github.com/TerraDharitri/drt-go-chain-storage/immunitycache/chunk.go:88.2,91.20 4 20066
github.com/TerraDharitri/drt-go-chain-storage/immunitycache/chunk.go:94.72,95.39 1 30074
github.com/TerraDharitri/drt-go-chain-storage/immunitycache/chunk.go:95.39,97.3 1 64
github.com/TerraDharitri/drt-go-chain-storage/immunitycache/chunk.go:99.2,101.12 3 30010
github.com/TerraDharitri/drt-go-chain-storage/immunitycache/chunk.go:104.61,108.2 3 50079
github.com/TerraDharitri/drt-go-chain-storage/immunitycache/chunk.go:110.76,117.27 4 30010
github.com/TerraDharitri/drt-go-chain-storage/immunitycache/chunk.go:117.27,119.3 1 10006
github.com/TerraDharitri/drt-go-chain-storage/immunitycache/chunk.go:121.2,121.82 1 20004
github.com/TerraDharitri/drt-go-chain-storage/immunitycache/chunk.go:121.82,124.3 2 1
github.com/TerraDharitri/drt-go-chain-storage/immunitycache/chunk.go:126.2,126.24 1 20004
github.com/TerraDharitri/drt-go-chain-storage/immunitycache/chunk.go:129.69,133.49 3 30013
github.com/TerraDharitri/drt-go-chain-storage/immunitycache/chunk.go:133.49,136.32 2 60050
github.com/TerraDharitri/drt-go-chain-storage/immunitycache/chunk.go:136.32,138.12 2 40041
github.com/TerraDharitri/drt-go-chain-storage/immunitycache/chunk.go:141.3,145.15 4 20009
github.com/TerraDharitri/drt-go-chain-storage/immunitycache/chunk.go:148.2,148.19 1 30013
github.com/TerraDharitri/drt-go-chain-storage/immunitycache/chunk.go:151.65,156.2 4 20013
github.com/TerraDharitri/drt-go-chain-storage/immunitycache/chunk.go:158.78,159.16 1 30010
github.com/TerraDharitri/drt-go-chain-storage/immunitycache/chunk.go:159.16,161.3 1 10006
github.com/TerraDharitri/drt-go-chain-storage/immunitycache/chunk.go:164.68,167.2 2 20068
github.com/TerraDharitri/drt-go-chain-storage/immunitycache/chunk.go:171.60,174.2 2 20066
github.com/TerraDharitri/drt-go-chain-storage/immunitycache/chunk.go:176.70,177.57 1 20066
github.com/TerraDharitri/drt-go-chain-storage/immunitycache/chunk.go:177.57,180.3 1 2
github.com/TerraDharitri/drt-go-chain-storage/immunitycache/chunk.go:183.71,185.2 1 20066
github.com/TerraDharitri/drt-go-chain-storage/immunitycache/chunk.go:188.68,192.2 3 14
github.com/TerraDharitri/drt-go-chain-storage/immunitycache/chunk.go:197.57,204.9 5 5
github.com/TerraDharitri/drt-go-chain-storage/immunitycache/chunk.go:204.9,206.3 1 1
github.com/TerraDharitri/drt-go-chain-storage/immunitycache/chunk.go:208.2,209.13 2 4
github.com/TerraDharitri/drt-go-chain-storage/immunitycache/chunk.go:212.74,215.2 2 20013
github.com/TerraDharitri/drt-go-chain-storage/immunitycache/chunk.go:218.63,222.2 3 2
github.com/TerraDharitri/drt-go-chain-storage/immunitycache/chunk.go:225.41,229.2 3 160022
github.com/TerraDharitri/drt-go-chain-storage/immunitycache/chunk.go:232.47,236.2 3 13
github.com/TerraDharitri/drt-go-chain-storage/immunitycache/chunk.go:239.44,243.2 3 7
github.com/TerraDharitri/drt-go-chain-storage/immunitycache/chunk.go:246.52,251.85 4 5
github.com/TerraDharitri/drt-go-chain-storage/immunitycache/chunk.go:251.85,254.3 2 14
github.com/TerraDharitri/drt-go-chain-storage/immunitycache/chunk.go:256.2,256.13 1 5
github.com/TerraDharitri/drt-go-chain-storage/immunitycache/chunk.go:260.75,264.31 3 4
github.com/TerraDharitri/drt-go-chain-storage/immunitycache/chunk.go:264.31,266.3 1 28
github.com/TerraDharitri/drt-go-chain-storage/immunitycache/chunk.go:268.2,268.24 1 4
github.com/TerraDharitri/drt-go-chain-storage/immunitycache/chunk.go:272.69,276.44 3 1
github.com/TerraDharitri/drt-go-chain-storage/immunitycache/chunk.go:276.44,278.3 1 4
github.com/TerraDharitri/drt-go-chain-storage/immunitycache/chunk.go:282.51,284.2 1 0
github.com/TerraDharitri/drt-go-chain-storage/immunitycache/config.go:28.43,29.27 1 19
github.com/TerraDharitri/drt-go-chain-storage/immunitycache/config.go:29.27,31.3 1 1
github.com/TerraDharitri/drt-go-chain-storage/immunitycache/config.go:32.2,32.86 1 18
github.com/TerraDharitri/drt-go-chain-storage/immunitycache/config.go:32.86,34.3 1 1
github.com/TerraDharitri/drt-go-chain-storage/immunitycache/config.go:35.2,35.48 1 17
github.com/TerraDharitri/drt-go-chain-storage/immunitycache/config.go:35.48,37.3 1 1
github.com/TerraDharitri/drt-go-chain-storage/immunitycache/config.go:38.2,38.94 1 16
github.com/TerraDharitri/drt-go-chain-storage/immunitycache/config.go:38.94,40.3 1 1
github.com/TerraDharitri/drt-go-chain-storage/immunitycache/config.go:41.2,41.80 1 15
github.com/TerraDharitri/drt-go-chain-storage/immunitycache/config.go:41.80,43.3 1 1
github.com/TerraDharitri/drt-go-chain-storage/immunitycache/config.go:45.2,45.12 1 14
github.com/TerraDharitri/drt-go-chain-storage/immunitycache/config.go:48.65,57.2 2 10015
github.com/TerraDharitri/drt-go-chain-storage/immunitycache/config.go:60.44,62.16 2 19
github.com/TerraDharitri/drt-go-chain-storage/immunitycache/config.go:62.16,64.3 1 0
github.com/TerraDharitri/drt-go-chain-storage/immunitycache/config.go:66.2,66.22 1 19
github.com/TerraDharitri/drt-go-chain-storage/immunitycache/config.go:77.52,84.2 1 160049
github.com/TerraDharitri/drt-go-chain-storage/factory/cache.go:16.64,24.19 6 10
github.com/TerraDharitri/drt-go-chain-storage/factory/cache.go:25.23,26.23 1 5
github.com/TerraDharitri/drt-go-chain-storage/factory/cache.go:26.23,28.4 1 1
github.com/TerraDharitri/drt-go-chain-storage/factory/cache.go:30.3,30.42 1 4
github.com/TerraDharitri/drt-go-chain-storage/factory/cache.go:31.27,32.43 1 2
github.com/TerraDharitri/drt-go-chain-storage/factory/cache.go:32.43,38.4 1 1
github.com/TerraDharitri/drt-go-chain-storage/factory/cache.go:40.3,40.77 1 1
github.com/TerraDharitri/drt-go-chain-storage/factory/cache.go:41.31,42.63 1 1
github.com/TerraDharitri/drt-go-chain-storage/factory/cache.go:43.10,44.46 1 2
github.com/TerraDharitri/drt-go-chain-storage/factory/db.go:20.50,21.22 1 8
github.com/TerraDharitri/drt-go-chain-storage/factory/db.go:22.20,23.100 1 4
github.com/TerraDharitri/drt-go-chain-storage/factory/db.go:24.26,25.106 1 1
github.com/TerraDharitri/drt-go-chain-storage/factory/db.go:26.23,27.29 1 1
github.com/TerraDharitri/drt-go-chain-storage/factory/db.go:28.10,29.43 1 2
github.com/TerraDharitri/drt-go-chain-storage/factory/storageUnit.go:9.110,10.51 1 5
github.com/TerraDharitri/drt-go-chain-storage/factory/storageUnit.go:10.51,12.3 1 1
github.com/TerraDharitri/drt-go-chain-storage/factory/storageUnit.go:14.2,15.16 2 4
github.com/TerraDharitri/drt-go-chain-storage/factory/storageUnit.go:15.16,17.3 1 1
github.com/TerraDharitri/drt-go-chain-storage/factory/storageUnit.go:19.2,27.16 3 3
github.com/TerraDharitri/drt-go-chain-storage/factory/storageUnit.go:27.16,29.3 1 1
github.com/TerraDharitri/drt-go-chain-storage/factory/storageUnit.go:31.2,31.46 1 2
github.com/TerraDharitri/drt-go-chain-storage/lrucache/lrucache.go:26.44,28.16 2 23
github.com/TerraDharitri/drt-go-chain-storage/lrucache/lrucache.go:28.16,30.3 1 1
github.com/TerraDharitri/drt-go-chain-storage/lrucache/lrucache.go:32.2,34.15 2 22
github.com/TerraDharitri/drt-go-chain-storage/lrucache/lrucache.go:38.108,40.16 2 1
github.com/TerraDharitri/drt-go-chain-storage/lrucache/lrucache.go:40.16,42.3 1 0
github.com/TerraDharitri/drt-go-chain-storage/lrucache/lrucache.go:44.2,46.15 2 1
github.com/TerraDharitri/drt-go-chain-storage/lrucache/lrucache.go:49.59,59.2 2 23
github.com/TerraDharitri/drt-go-chain-storage/lrucache/lrucache.go:62.78,64.16 2 3
github.com/TerraDharitri/drt-go-chain-storage/lrucache/lrucache.go:64.16,66.3 1 2
github.com/TerraDharitri/drt-go-chain-storage/lrucache/lrucache.go:68.2,75.15 2 1
github.com/TerraDharitri/drt-go-chain-storage/lrucache/lrucache.go:79.28,81.2 1 1
github.com/TerraDharitri/drt-go-chain-storage/lrucache/lrucache.go:84.87,90.2 3 58
github.com/TerraDharitri/drt-go-chain-storage/lrucache/lrucache.go:93.92,94.20 1 4
github.com/TerraDharitri/drt-go-chain-storage/lrucache/lrucache.go:94.20,97.3 2 1
github.com/TerraDharitri/drt-go-chain-storage/lrucache/lrucache.go:99.2,101.33 3 3
github.com/TerraDharitri/drt-go-chain-storage/lrucache/lrucache.go:105.49,109.2 3 0
github.com/TerraDharitri/drt-go-chain-storage/lrucache/lrucache.go:112.65,114.2 1 3
github.com/TerraDharitri/drt-go-chain-storage/lrucache/lrucache.go:118.41,120.2 1 6
github.com/TerraDharitri/drt-go-chain-storage/lrucache/lrucache.go:124.66,127.9 2 6
github.com/TerraDharitri/drt-go-chain-storage/lrucache/lrucache.go:127.9,129.3 1 3
github.com/TerraDharitri/drt-go-chain-storage/lrucache/lrucache.go:131.2,131.14 1 3
github.com/TerraDharitri/drt-go-chain-storage/lrucache/lrucache.go:137.95,140.10 2 5
github.com/TerraDharitri/drt-go-chain-storage/lrucache/lrucache.go:140.10,142.3 1 4
github.com/TerraDharitri/drt-go-chain-storage/lrucache/lrucache.go:144.2,144.18 1 5
github.com/TerraDharitri/drt-go-chain-storage/lrucache/lrucache.go:147.73,149.44 2 62
github.com/TerraDharitri/drt-go-chain-storage/lrucache/lrucache.go:149.44,151.3 1 2
github.com/TerraDharitri/drt-go-chain-storage/lrucache/lrucache.go:152.2,152.34 1 62
github.com/TerraDharitri/drt-go-chain-storage/lrucache/lrucache.go:156.39,158.2 1 2
github.com/TerraDharitri/drt-go-chain-storage/lrucache/lrucache.go:161.36,165.32 3 1
github.com/TerraDharitri/drt-go-chain-storage/lrucache/lrucache.go:165.32,167.3 1 10
github.com/TerraDharitri/drt-go-chain-storage/lrucache/lrucache.go:169.2,169.10 1 1
github.com/TerraDharitri/drt-go-chain-storage/lrucache/lrucache.go:173.30,175.2 1 8
github.com/TerraDharitri/drt-go-chain-storage/lrucache/lrucache.go:178.50,180.2 1 0
github.com/TerraDharitri/drt-go-chain-storage/lrucache/lrucache.go:183.34,185.2 1 0
github.com/TerraDharitri/drt-go-chain-storage/lrucache/lrucache.go:188.34,190.2 1 1
github.com/TerraDharitri/drt-go-chain-storage/lrucache/lrucache.go:193.42,195.2 1 5
github.com/TerraDharitri/drt-go-chain-storage/lrucache/simpleLRUCacheAdapter.go:13.83,15.2 1 58
github.com/TerraDharitri/drt-go-chain-storage/lrucache/simpleLRUCacheAdapter.go:18.106,20.2 1 5
github.com/TerraDharitri/drt-go-chain-storage/lrucache/simpleLRUCacheAdapter.go:23.66,25.2 1 0
github.com/TerraDharitri/drt-go-chain-storage/fifocache/fifocacheSharded.go:25.71,35.2 3 22
github.com/TerraDharitri/drt-go-chain-storage/fifocache/fifocacheSharded.go:38.36,40.27 2 626
github.com/TerraDharitri/drt-go-chain-storage/fifocache/fifocacheSharded.go:40.27,42.3 1 250
github.com/TerraDharitri/drt-go-chain-storage/fifocache/fifocacheSharded.go:47.85,52.2 3 680
github.com/TerraDharitri/drt-go-chain-storage/fifocache/fifocacheSharded.go:55.100,56.20 1 629
github.com/TerraDharitri/drt-go-chain-storage/fifocache/fifocacheSharded.go:56.20,59.3 2 1
github.com/TerraDharitri/drt-go-chain-storage/fifocache/fifocacheSharded.go:61.2,63.33 3 628
github.com/TerraDharitri/drt-go-chain-storage/fifocache/fifocacheSharded.go:67.57,71.2 3 625
github.com/TerraDharitri/drt-go-chain-storage/fifocache/fifocacheSharded.go:74.73,76.2 1 628
github.com/TerraDharitri/drt-go-chain-storage/fifocache/fifocacheSharded.go:80.49,82.2 1 631
github.com/TerraDharitri/drt-go-chain-storage/fifocache/fifocacheSharded.go:86.74,88.2 1 631
github.com/TerraDharitri/drt-go-chain-storage/fifocache/fifocacheSharded.go:93.93,96.11 2 630
github.com/TerraDharitri/drt-go-chain-storage/fifocache/fifocacheSharded.go:96.11,98.3 1 233
github.com/TerraDharitri/drt-go-chain-storage/fifocache/fifocacheSharded.go:100.2,100.22 1 630
github.com/TerraDharitri/drt-go-chain-storage/fifocache/fifocacheSharded.go:103.81,105.44 2 913
github.com/TerraDharitri/drt-go-chain-storage/fifocache/fifocacheSharded.go:105.44,107.3 1 491
github.com/TerraDharitri/drt-go-chain-storage/fifocache/fifocacheSharded.go:108.2,108.34 1 913
github.com/TerraDharitri/drt-go-chain-storage/fifocache/fifocacheSharded.go:112.47,114.2 1 627
github.com/TerraDharitri/drt-go-chain-storage/fifocache/fifocacheSharded.go:117.44,121.32 3 626
github.com/TerraDharitri/drt-go-chain-storage/fifocache/fifocacheSharded.go:121.32,123.3 1 232
github.com/TerraDharitri/drt-go-chain-storage/fifocache/fifocacheSharded.go:125.2,125.10 1 626
github.com/TerraDharitri/drt-go-chain-storage/fifocache/fifocacheSharded.go:129.38,131.2 1 632
github.com/TerraDharitri/drt-go-chain-storage/fifocache/fifocacheSharded.go:134.58,136.2 1 625
github.com/TerraDharitri/drt-go-chain-storage/fifocache/fifocacheSharded.go:139.42,141.2 1 625
github.com/TerraDharitri/drt-go-chain-storage/fifocache/fifocacheSharded.go:144.42,146.2 1 626
github.com/TerraDharitri/drt-go-chain-storage/fifocache/fifocacheSharded.go:149.50,151.2 1 625
github.com/TerraDharitri/drt-go-chain-storage/timecache/peerTimeCache.go:17.75,18.28 1 3
github.com/TerraDharitri/drt-go-chain-storage/timecache/peerTimeCache.go:18.28,20.3 1 1
github.com/TerraDharitri/drt-go-chain-storage/timecache/peerTimeCache.go:22.2,24.8 1 2
github.com/TerraDharitri/drt-go-chain-storage/timecache/peerTimeCache.go:30.81,32.2 1 1
github.com/TerraDharitri/drt-go-chain-storage/timecache/peerTimeCache.go:35.35,37.2 1 1
github.com/TerraDharitri/drt-go-chain-storage/timecache/peerTimeCache.go:40.53,42.2 1 1
github.com/TerraDharitri/drt-go-chain-storage/timecache/peerTimeCache.go:45.49,47.2 1 2
github.com/TerraDharitri/drt-go-chain-storage/timecache/timeCache.go:17.57,21.2 1 15
github.com/TerraDharitri/drt-go-chain-storage/timecache/timeCache.go:25.44,27.2 1 18
github.com/TerraDharitri/drt-go-chain-storage/timecache/timeCache.go:29.68,30.19 1 21
github.com/TerraDharitri/drt-go-chain-storage/timecache/timeCache.go:30.19,32.3 1 1
github.com/TerraDharitri/drt-go-chain-storage/timecache/timeCache.go:34.2,41.12 4 20
github.com/TerraDharitri/drt-go-chain-storage/timecache/timeCache.go:46.76,48.2 1 3
github.com/TerraDharitri/drt-go-chain-storage/timecache/timeCache.go:53.71,57.2 2 6
github.com/TerraDharitri/drt-go-chain-storage/timecache/timeCache.go:61.30,63.2 1 3
github.com/TerraDharitri/drt-go-chain-storage/timecache/timeCache.go:66.43,68.2 1 5
github.com/TerraDharitri/drt-go-chain-storage/timecache/timeCache.go:71.32,73.2 1 11
github.com/TerraDharitri/drt-go-chain-storage/timecache/timeCache.go:76.44,78.2 1 2
github.com/TerraDharitri/drt-go-chain-storage/timecache/timeCacheCore.go:22.65,28.2 1 34
github.com/TerraDharitri/drt-go-chain-storage/timecache/timeCacheCore.go:34.103,35.19 1 149
github.com/TerraDharitri/drt-go-chain-storage/timecache/timeCacheCore.go:35.19,37.3 1 1
github.com/TerraDharitri/drt-go-chain-storage/timecache/timeCacheCore.go:39.2,43.11 4 148
github.com/TerraDharitri/drt-go-chain-storage/timecache/timeCacheCore.go:43.11,44.31 1 2
github.com/TerraDharitri/drt-go-chain-storage/timecache/timeCacheCore.go:44.31,46.4 1 1
github.com/TerraDharitri/drt-go-chain-storage/timecache/timeCacheCore.go:47.3,49.20 2 2
github.com/TerraDharitri/drt-go-chain-storage/timecache/timeCacheCore.go:52.2,57.19 2 146
github.com/TerraDharitri/drt-go-chain-storage/timecache/timeCacheCore.go:62.92,63.19 1 239
github.com/TerraDharitri/drt-go-chain-storage/timecache/timeCacheCore.go:63.19,65.3 1 2
github.com/TerraDharitri/drt-go-chain-storage/timecache/timeCacheCore.go:67.2,75.12 4 237
github.com/TerraDharitri/drt-go-chain-storage/timecache/timeCacheCore.go:80.111,81.19 1 218
github.com/TerraDharitri/drt-go-chain-storage/timecache/timeCacheCore.go:81.19,83.3 1 2
github.com/TerraDharitri/drt-go-chain-storage/timecache/timeCacheCore.go:85.2,89.11 4 216
github.com/TerraDharitri/drt-go-chain-storage/timecache/timeCacheCore.go:89.11,91.3 1 1
github.com/TerraDharitri/drt-go-chain-storage/timecache/timeCacheCore.go:93.2,98.25 2 215
github.com/TerraDharitri/drt-go-chain-storage/timecache/timeCacheCore.go:103.35,107.37 3 148
github.com/TerraDharitri/drt-go-chain-storage/timecache/timeCacheCore.go:107.37,109.19 2 388
github.com/TerraDharitri/drt-go-chain-storage/timecache/timeCacheCore.go:109.19,111.4 1 5
github.com/TerraDharitri/drt-go-chain-storage/timecache/timeCacheCore.go:116.48,123.2 4 222
github.com/TerraDharitri/drt-go-chain-storage/timecache/timeCacheCore.go:126.37,131.2 3 238
github.com/TerraDharitri/drt-go-chain-storage/timecache/timeCacheCore.go:135.35,139.2 3 217
github.com/TerraDharitri/drt-go-chain-storage/timecache/timeCacher.go:34.60,36.16 2 20
github.com/TerraDharitri/drt-go-chain-storage/timecache/timeCacher.go:36.16,38.3 1 2
github.com/TerraDharitri/drt-go-chain-storage/timecache/timeCacher.go:40.2,50.16 5 18
github.com/TerraDharitri/drt-go-chain-storage/timecache/timeCacher.go:53.40,54.35 1 20
github.com/TerraDharitri/drt-go-chain-storage/timecache/timeCacher.go:54.35,56.3 1 1
github.com/TerraDharitri/drt-go-chain-storage/timecache/timeCacher.go:57.2,57.35 1 19
github.com/TerraDharitri/drt-go-chain-storage/timecache/timeCacher.go:57.35,59.3 1 1
github.com/TerraDharitri/drt-go-chain-storage/timecache/timeCacher.go:61.2,61.12 1 18
github.com/TerraDharitri/drt-go-chain-storage/timecache/timeCacher.go:65.58,69.6 3 18
github.com/TerraDharitri/drt-go-chain-storage/timecache/timeCacher.go:69.6,72.10 2 20
github.com/TerraDharitri/drt-go-chain-storage/timecache/timeCacher.go:73.18,74.24 1 2
github.com/TerraDharitri/drt-go-chain-storage/timecache/timeCacher.go:75.21,77.10 2 3
github.com/TerraDharitri/drt-go-chain-storage/timecache/timeCacher.go:83.31,85.2 1 73
github.com/TerraDharitri/drt-go-chain-storage/timecache/timeCacher.go:88.80,90.16 2 96
github.com/TerraDharitri/drt-go-chain-storage/timecache/timeCacher.go:90.16,93.3 2 2
github.com/TerraDharitri/drt-go-chain-storage/timecache/timeCacher.go:95.2,97.14 2 94
github.com/TerraDharitri/drt-go-chain-storage/timecache/timeCacher.go:101.59,106.9 4 148
github.com/TerraDharitri/drt-go-chain-storage/timecache/timeCacher.go:106.9,108.3 1 146
github.com/TerraDharitri/drt-go-chain-storage/timecache/timeCacher.go:110.2,110.20 1 2
github.com/TerraDharitri/drt-go-chain-storage/timecache/timeCacher.go:114.44,116.2 1 74
github.com/TerraDharitri/drt-go-chain-storage/timecache/timeCacher.go:119.69,121.2 1 74
github.com/TerraDharitri/drt-go-chain-storage/timecache/timeCacher.go:125.88,128.16 3 76
github.com/TerraDharitri/drt-go-chain-storage/timecache/timeCacher.go:128.16,131.3 2 2
github.com/TerraDharitri/drt-go-chain-storage/timecache/timeCacher.go:133.2,133.10 1 74
github.com/TerraDharitri/drt-go-chain-storage/timecache/timeCacher.go:133.10,135.3 1 73
github.com/TerraDharitri/drt-go-chain-storage/timecache/timeCacher.go:137.2,137.8 1 74
github.com/TerraDharitri/drt-go-chain-storage/timecache/timeCacher.go:141.42,142.16 1 74
github.com/TerraDharitri/drt-go-chain-storage/timecache/timeCacher.go:142.16,144.3 1 1
github.com/TerraDharitri/drt-go-chain-storage/timecache/timeCacher.go:146.2,149.40 3 73
github.com/TerraDharitri/drt-go-chain-storage/timecache/timeCacher.go:153.39,159.35 5 72
github.com/TerraDharitri/drt-go-chain-storage/timecache/timeCacher.go:159.35,162.3 2 272
github.com/TerraDharitri/drt-go-chain-storage/timecache/timeCacher.go:164.2,164.13 1 72
github.com/TerraDharitri/drt-go-chain-storage/timecache/timeCacher.go:168.33,170.2 1 84
github.com/TerraDharitri/drt-go-chain-storage/timecache/timeCacher.go:173.53,175.2 1 72
github.com/TerraDharitri/drt-go-chain-storage/timecache/timeCacher.go:178.37,180.2 1 72
github.com/TerraDharitri/drt-go-chain-storage/timecache/timeCacher.go:183.95,184.20 1 79
github.com/TerraDharitri/drt-go-chain-storage/timecache/timeCacher.go:184.20,187.3 2 73
github.com/TerraDharitri/drt-go-chain-storage/timecache/timeCacher.go:189.2,191.34 3 6
github.com/TerraDharitri/drt-go-chain-storage/timecache/timeCacher.go:195.52,199.2 3 74
github.com/TerraDharitri/drt-go-chain-storage/timecache/timeCacher.go:201.76,203.45 2 167
github.com/TerraDharitri/drt-go-chain-storage/timecache/timeCacher.go:203.45,205.3 1 3
github.com/TerraDharitri/drt-go-chain-storage/timecache/timeCacher.go:206.2,206.35 1 167
github.com/TerraDharitri/drt-go-chain-storage/timecache/timeCacher.go:210.37,211.26 1 73
github.com/TerraDharitri/drt-go-chain-storage/timecache/timeCacher.go:211.26,213.3 1 73
github.com/TerraDharitri/drt-go-chain-storage/timecache/timeCacher.go:215.2,215.12 1 73
github.com/TerraDharitri/drt-go-chain-storage/timecache/timeCacher.go:219.45,221.2 1 13
github.com/TerraDharitri/drt-go-chain-storage/leveldb/batch.go:20.24,27.2 1 273
github.com/TerraDharitri/drt-go-chain-storage/leveldb/batch.go:30.51,37.2 6 72
github.com/TerraDharitri/drt-go-chain-storage/leveldb/batch.go:40.42,47.2 6 49
github.com/TerraDharitri/drt-go-chain-storage/leveldb/batch.go:50.25,56.2 5 93
github.com/TerraDharitri/drt-go-chain-storage/leveldb/batch.go:59.40,64.2 3 26
github.com/TerraDharitri/drt-go-chain-storage/leveldb/batch.go:67.44,74.2 4 30
github.com/TerraDharitri/drt-go-chain-storage/leveldb/batch.go:77.39,79.2 1 0
github.com/TerraDharitri/drt-go-chain-storage/leveldb/common.go:21.74,23.6 2 45
github.com/TerraDharitri/drt-go-chain-storage/leveldb/common.go:23.6,25.17 2 59
github.com/TerraDharitri/drt-go-chain-storage/leveldb/common.go:25.17,27.4 1 44
github.com/TerraDharitri/drt-go-chain-storage/leveldb/common.go:28.3,28.41 1 15
github.com/TerraDharitri/drt-go-chain-storage/leveldb/common.go:28.41,30.4 1 0
github.com/TerraDharitri/drt-go-chain-storage/leveldb/common.go:32.3,40.27 4 15
github.com/TerraDharitri/drt-go-chain-storage/leveldb/common.go:40.27,42.4 1 1
github.com/TerraDharitri/drt-go-chain-storage/leveldb/common.go:46.74,48.20 2 59
github.com/TerraDharitri/drt-go-chain-storage/leveldb/common.go:48.20,50.3 1 43
github.com/TerraDharitri/drt-go-chain-storage/leveldb/common.go:52.2,52.33 1 16
github.com/TerraDharitri/drt-go-chain-storage/leveldb/common.go:52.33,59.24 4 1
github.com/TerraDharitri/drt-go-chain-storage/leveldb/common.go:59.24,65.4 1 0
github.com/TerraDharitri/drt-go-chain-storage/leveldb/common.go:66.3,70.17 2 1
github.com/TerraDharitri/drt-go-chain-storage/leveldb/common.go:73.2,73.21 1 15
github.com/TerraDharitri/drt-go-chain-storage/leveldb/common.go:82.53,87.2 3 679
github.com/TerraDharitri/drt-go-chain-storage/leveldb/common.go:89.70,93.20 3 179
github.com/TerraDharitri/drt-go-chain-storage/leveldb/common.go:93.20,96.3 2 22
github.com/TerraDharitri/drt-go-chain-storage/leveldb/common.go:98.2,101.11 3 179
github.com/TerraDharitri/drt-go-chain-storage/leveldb/common.go:106.81,107.20 1 71
github.com/TerraDharitri/drt-go-chain-storage/leveldb/common.go:107.20,109.3 1 0
github.com/TerraDharitri/drt-go-chain-storage/leveldb/common.go:111.2,112.15 2 71
github.com/TerraDharitri/drt-go-chain-storage/leveldb/common.go:112.15,114.3 1 70
github.com/TerraDharitri/drt-go-chain-storage/leveldb/common.go:116.2,117.6 2 1
github.com/TerraDharitri/drt-go-chain-storage/leveldb/common.go:117.6,118.23 1 8
github.com/TerraDharitri/drt-go-chain-storage/leveldb/common.go:118.23,119.9 1 1
github.com/TerraDharitri/drt-go-chain-storage/leveldb/common.go:122.3,131.22 8 7
github.com/TerraDharitri/drt-go-chain-storage/leveldb/common.go:131.22,132.9 1 0
github.com/TerraDharitri/drt-go-chain-storage/leveldb/common.go:136.2,136.20 1 1
github.com/TerraDharitri/drt-go-chain-storage/leveldb/leveldb.go:42.103,50.16 6 26
github.com/TerraDharitri/drt-go-chain-storage/leveldb/leveldb.go:50.16,52.3 1 0
github.com/TerraDharitri/drt-go-chain-storage/leveldb/leveldb.go:53.2,55.22 2 26
github.com/TerraDharitri/drt-go-chain-storage/leveldb/leveldb.go:55.22,57.3 1 0
github.com/TerraDharitri/drt-go-chain-storage/leveldb/leveldb.go:59.2,67.16 4 26
github.com/TerraDharitri/drt-go-chain-storage/leveldb/leveldb.go:67.16,69.3 1 1
github.com/TerraDharitri/drt-go-chain-storage/leveldb/leveldb.go:70.2,90.45 7 25
github.com/TerraDharitri/drt-go-chain-storage/leveldb/leveldb.go:90.45,92.3 1 13
github.com/TerraDharitri/drt-go-chain-storage/leveldb/leveldb.go:94.2,101.21 6 25
github.com/TerraDharitri/drt-go-chain-storage/leveldb/leveldb.go:104.54,109.6 4 25
github.com/TerraDharitri/drt-go-chain-storage/leveldb/leveldb.go:109.6,112.10 2 67
github.com/TerraDharitri/drt-go-chain-storage/leveldb/leveldb.go:113.18,116.18 3 42
github.com/TerraDharitri/drt-go-chain-storage/leveldb/leveldb.go:116.18,119.13 3 0
github.com/TerraDharitri/drt-go-chain-storage/leveldb/leveldb.go:122.4,124.23 3 42
github.com/TerraDharitri/drt-go-chain-storage/leveldb/leveldb.go:125.21,127.10 2 14
github.com/TerraDharitri/drt-go-chain-storage/leveldb/leveldb.go:132.47,137.34 4 100
github.com/TerraDharitri/drt-go-chain-storage/leveldb/leveldb.go:137.34,139.3 1 15
github.com/TerraDharitri/drt-go-chain-storage/leveldb/leveldb.go:141.2,142.16 2 85
github.com/TerraDharitri/drt-go-chain-storage/leveldb/leveldb.go:142.16,145.3 2 70
github.com/TerraDharitri/drt-go-chain-storage/leveldb/leveldb.go:147.2,150.12 3 15
github.com/TerraDharitri/drt-go-chain-storage/leveldb/leveldb.go:154.41,159.16 4 58
github.com/TerraDharitri/drt-go-chain-storage/leveldb/leveldb.go:159.16,161.3 1 0
github.com/TerraDharitri/drt-go-chain-storage/leveldb/leveldb.go:163.2,163.37 1 58
github.com/TerraDharitri/drt-go-chain-storage/leveldb/leveldb.go:167.46,169.15 2 48
github.com/TerraDharitri/drt-go-chain-storage/leveldb/leveldb.go:169.15,171.3 1 36
github.com/TerraDharitri/drt-go-chain-storage/leveldb/leveldb.go:173.2,173.28 1 12
github.com/TerraDharitri/drt-go-chain-storage/leveldb/leveldb.go:173.28,175.3 1 2
github.com/TerraDharitri/drt-go-chain-storage/leveldb/leveldb.go:177.2,178.17 2 10
github.com/TerraDharitri/drt-go-chain-storage/leveldb/leveldb.go:178.17,180.3 1 4
github.com/TerraDharitri/drt-go-chain-storage/leveldb/leveldb.go:182.2,183.32 2 6
github.com/TerraDharitri/drt-go-chain-storage/leveldb/leveldb.go:183.32,185.3 1 2
github.com/TerraDharitri/drt-go-chain-storage/leveldb/leveldb.go:186.2,186.16 1 4
github.com/TerraDharitri/drt-go-chain-storage/leveldb/leveldb.go:186.16,188.3 1 0
github.com/TerraDharitri/drt-go-chain-storage/leveldb/leveldb.go:190.2,190.18 1 4
github.com/TerraDharitri/drt-go-chain-storage/leveldb/leveldb.go:194.36,196.15 2 38
github.com/TerraDharitri/drt-go-chain-storage/leveldb/leveldb.go:196.15,198.3 1 35
github.com/TerraDharitri/drt-go-chain-storage/leveldb/leveldb.go:200.2,200.28 1 3
github.com/TerraDharitri/drt-go-chain-storage/leveldb/leveldb.go:200.28,202.3 1 0
github.com/TerraDharitri/drt-go-chain-storage/leveldb/leveldb.go:204.2,205.17 2 3
github.com/TerraDharitri/drt-go-chain-storage/leveldb/leveldb.go:205.17,207.3 1 0
github.com/TerraDharitri/drt-go-chain-storage/leveldb/leveldb.go:209.2,210.16 2 3
github.com/TerraDharitri/drt-go-chain-storage/leveldb/leveldb.go:210.16,212.3 1 0
github.com/TerraDharitri/drt-go-chain-storage/leveldb/leveldb.go:214.2,214.9 1 3
github.com/TerraDharitri/drt-go-chain-storage/leveldb/leveldb.go:214.9,216.3 1 1
github.com/TerraDharitri/drt-go-chain-storage/leveldb/leveldb.go:218.2,218.30 1 2
github.com/TerraDharitri/drt-go-chain-storage/leveldb/leveldb.go:222.42,224.2 1 25
github.com/TerraDharitri/drt-go-chain-storage/leveldb/leveldb.go:227.46,229.9 2 186
github.com/TerraDharitri/drt-go-chain-storage/leveldb/leveldb.go:229.9,231.3 1 0
github.com/TerraDharitri/drt-go-chain-storage/leveldb/leveldb.go:233.2,238.15 3 186
github.com/TerraDharitri/drt-go-chain-storage/leveldb/leveldb.go:238.15,240.3 1 117
github.com/TerraDharitri/drt-go-chain-storage/leveldb/leveldb.go:242.2,242.38 1 69
github.com/TerraDharitri/drt-go-chain-storage/leveldb/leveldb.go:246.28,254.15 7 59
github.com/TerraDharitri/drt-go-chain-storage/leveldb/leveldb.go:254.15,256.3 1 12
github.com/TerraDharitri/drt-go-chain-storage/leveldb/leveldb.go:258.2,258.12 1 47
github.com/TerraDharitri/drt-go-chain-storage/leveldb/leveldb.go:262.39,268.2 4 42
github.com/TerraDharitri/drt-go-chain-storage/leveldb/leveldb.go:271.30,279.15 7 36
github.com/TerraDharitri/drt-go-chain-storage/leveldb/leveldb.go:279.15,281.17 2 2
github.com/TerraDharitri/drt-go-chain-storage/leveldb/leveldb.go:281.17,283.4 1 0
github.com/TerraDharitri/drt-go-chain-storage/leveldb/leveldb.go:286.2,286.29 1 36
github.com/TerraDharitri/drt-go-chain-storage/leveldb/leveldb.go:290.36,292.2 1 34
github.com/TerraDharitri/drt-go-chain-storage/leveldb/leveldb.go:295.36,297.2 1 33
github.com/TerraDharitri/drt-go-chain-storage/leveldb/leveldbSerial.go:37.115,45.16 6 19
github.com/TerraDharitri/drt-go-chain-storage/leveldb/leveldbSerial.go:45.16,47.3 1 0
github.com/TerraDharitri/drt-go-chain-storage/leveldb/leveldbSerial.go:48.2,50.22 2 19
github.com/TerraDharitri/drt-go-chain-storage/leveldb/leveldbSerial.go:50.22,52.3 1 0
github.com/TerraDharitri/drt-go-chain-storage/leveldb/leveldbSerial.go:54.2,62.16 4 19
github.com/TerraDharitri/drt-go-chain-storage/leveldb/leveldbSerial.go:62.16,64.3 1 0
github.com/TerraDharitri/drt-go-chain-storage/leveldb/leveldbSerial.go:65.2,88.51 8 19
github.com/TerraDharitri/drt-go-chain-storage/leveldb/leveldbSerial.go:88.51,90.3 1 8
github.com/TerraDharitri/drt-go-chain-storage/leveldb/leveldbSerial.go:92.2,99.21 6 19
github.com/TerraDharitri/drt-go-chain-storage/leveldb/leveldbSerial.go:102.60,107.6 4 19
github.com/TerraDharitri/drt-go-chain-storage/leveldb/leveldbSerial.go:107.6,110.10 2 158
github.com/TerraDharitri/drt-go-chain-storage/leveldb/leveldbSerial.go:111.18,113.18 2 139
github.com/TerraDharitri/drt-go-chain-storage/leveldb/leveldbSerial.go:113.18,115.13 2 0
github.com/TerraDharitri/drt-go-chain-storage/leveldb/leveldbSerial.go:117.21,119.10 2 8
github.com/TerraDharitri/drt-go-chain-storage/leveldb/leveldbSerial.go:124.53,127.34 3 21
github.com/TerraDharitri/drt-go-chain-storage/leveldb/leveldbSerial.go:127.34,130.3 2 15
github.com/TerraDharitri/drt-go-chain-storage/leveldb/leveldbSerial.go:131.2,135.12 3 6
github.com/TerraDharitri/drt-go-chain-storage/leveldb/leveldbSerial.go:139.47,140.18 1 49
github.com/TerraDharitri/drt-go-chain-storage/leveldb/leveldbSerial.go:140.18,142.3 1 35
github.com/TerraDharitri/drt-go-chain-storage/leveldb/leveldbSerial.go:144.2,147.16 4 14
github.com/TerraDharitri/drt-go-chain-storage/leveldb/leveldbSerial.go:147.16,149.3 1 0
github.com/TerraDharitri/drt-go-chain-storage/leveldb/leveldbSerial.go:151.2,151.37 1 14
github.com/TerraDharitri/drt-go-chain-storage/leveldb/leveldbSerial.go:155.52,156.18 1 46
github.com/TerraDharitri/drt-go-chain-storage/leveldb/leveldbSerial.go:156.18,158.3 1 35
github.com/TerraDharitri/drt-go-chain-storage/leveldb/leveldbSerial.go:160.2,161.28 2 11
github.com/TerraDharitri/drt-go-chain-storage/leveldb/leveldbSerial.go:161.28,164.3 2 2
github.com/TerraDharitri/drt-go-chain-storage/leveldb/leveldbSerial.go:166.2,169.17 3 9
github.com/TerraDharitri/drt-go-chain-storage/leveldb/leveldbSerial.go:169.17,171.3 1 4
github.com/TerraDharitri/drt-go-chain-storage/leveldb/leveldbSerial.go:173.2,180.16 4 5
github.com/TerraDharitri/drt-go-chain-storage/leveldb/leveldbSerial.go:180.16,182.3 1 1
github.com/TerraDharitri/drt-go-chain-storage/leveldb/leveldbSerial.go:183.2,186.39 3 4
github.com/TerraDharitri/drt-go-chain-storage/leveldb/leveldbSerial.go:186.39,188.3 1 2
github.com/TerraDharitri/drt-go-chain-storage/leveldb/leveldbSerial.go:189.2,189.23 1 2
github.com/TerraDharitri/drt-go-chain-storage/leveldb/leveldbSerial.go:189.23,191.3 1 0
github.com/TerraDharitri/drt-go-chain-storage/leveldb/leveldbSerial.go:193.2,193.26 1 2
github.com/TerraDharitri/drt-go-chain-storage/leveldb/leveldbSerial.go:197.42,198.18 1 38
github.com/TerraDharitri/drt-go-chain-storage/leveldb/leveldbSerial.go:198.18,200.3 1 34
github.com/TerraDharitri/drt-go-chain-storage/leveldb/leveldbSerial.go:202.2,203.28 2 4
github.com/TerraDharitri/drt-go-chain-storage/leveldb/leveldbSerial.go:203.28,206.3 2 0
github.com/TerraDharitri/drt-go-chain-storage/leveldb/leveldbSerial.go:208.2,211.17 3 4
github.com/TerraDharitri/drt-go-chain-storage/leveldb/leveldbSerial.go:211.17,213.3 1 0
github.com/TerraDharitri/drt-go-chain-storage/leveldb/leveldbSerial.go:215.2,222.16 4 4
github.com/TerraDharitri/drt-go-chain-storage/leveldb/leveldbSerial.go:222.16,224.3 1 0
github.com/TerraDharitri/drt-go-chain-storage/leveldb/leveldbSerial.go:225.2,228.15 3 4
github.com/TerraDharitri/drt-go-chain-storage/leveldb/leveldbSerial.go:231.68,232.9 1 238
github.com/TerraDharitri/drt-go-chain-storage/leveldb/leveldbSerial.go:233.25,234.13 1 161
github.com/TerraDharitri/drt-go-chain-storage/leveldb/leveldbSerial.go:235.30,236.30 1 77
github.com/TerraDharitri/drt-go-chain-storage/leveldb/leveldbSerial.go:241.37,244.9 3 229
github.com/TerraDharitri/drt-go-chain-storage/leveldb/leveldbSerial.go:244.9,247.3 2 0
github.com/TerraDharitri/drt-go-chain-storage/leveldb/leveldbSerial.go:248.2,259.16 7 229
github.com/TerraDharitri/drt-go-chain-storage/leveldb/leveldbSerial.go:259.16,261.3 1 76
github.com/TerraDharitri/drt-go-chain-storage/leveldb/leveldbSerial.go:262.2,265.15 3 153
github.com/TerraDharitri/drt-go-chain-storage/leveldb/leveldbSerial.go:268.36,272.2 2 175
github.com/TerraDharitri/drt-go-chain-storage/leveldb/leveldbSerial.go:275.34,281.2 2 47
github.com/TerraDharitri/drt-go-chain-storage/leveldb/leveldbSerial.go:284.45,285.18 1 42
github.com/TerraDharitri/drt-go-chain-storage/leveldb/leveldbSerial.go:285.18,287.3 1 35
github.com/TerraDharitri/drt-go-chain-storage/leveldb/leveldbSerial.go:289.2,293.37 4 7
github.com/TerraDharitri/drt-go-chain-storage/leveldb/leveldbSerial.go:297.36,305.16 4 37
github.com/TerraDharitri/drt-go-chain-storage/leveldb/leveldbSerial.go:305.16,307.3 1 37
github.com/TerraDharitri/drt-go-chain-storage/leveldb/leveldbSerial.go:309.2,309.12 1 0
github.com/TerraDharitri/drt-go-chain-storage/leveldb/leveldbSerial.go:313.42,315.16 2 34
github.com/TerraDharitri/drt-go-chain-storage/leveldb/leveldbSerial.go:315.16,317.3 1 0
github.com/TerraDharitri/drt-go-chain-storage/leveldb/leveldbSerial.go:318.2,318.12 1 34
github.com/TerraDharitri/drt-go-chain-storage/leveldb/leveldbSerial.go:324.36,329.15 4 84
github.com/TerraDharitri/drt-go-chain-storage/leveldb/leveldbSerial.go:329.15,331.3 1 8
github.com/TerraDharitri/drt-go-chain-storage/leveldb/leveldbSerial.go:333.2,333.12 1 76
github.com/TerraDharitri/drt-go-chain-storage/leveldb/leveldbSerial.go:336.53,337.6 1 19
github.com/TerraDharitri/drt-go-chain-storage/leveldb/leveldbSerial.go:337.6,338.10 1 180
github.com/TerraDharitri/drt-go-chain-storage/leveldb/leveldbSerial.go:339.32,340.22 1 161
github.com/TerraDharitri/drt-go-chain-storage/leveldb/leveldbSerial.go:341.21,343.10 2 8
github.com/TerraDharitri/drt-go-chain-storage/leveldb/leveldbSerial.go:349.42,351.2 1 33
github.com/TerraDharitri/drt-go-chain-storage/leveldb/serialActions.go:32.44,34.2 1 153
github.com/TerraDharitri/drt-go-chain-storage/leveldb/serialActions.go:36.55,38.15 2 153
github.com/TerraDharitri/drt-go-chain-storage/leveldb/serialActions.go:38.15,40.3 1 0
github.com/TerraDharitri/drt-go-chain-storage/leveldb/serialActions.go:42.2,46.38 2 153
github.com/TerraDharitri/drt-go-chain-storage/leveldb/serialActions.go:49.39,57.2 3 4
github.com/TerraDharitri/drt-go-chain-storage/leveldb/serialActions.go:59.60,61.15 2 4
github.com/TerraDharitri/drt-go-chain-storage/leveldb/serialActions.go:61.15,63.3 1 0
github.com/TerraDharitri/drt-go-chain-storage/leveldb/serialActions.go:65.2,65.27 1 4
github.com/TerraDharitri/drt-go-chain-storage/leveldb/serialActions.go:68.39,71.16 2 4
github.com/TerraDharitri/drt-go-chain-storage/leveldb/serialActions.go:71.16,74.3 2 0
github.com/TerraDharitri/drt-go-chain-storage/leveldb/serialActions.go:76.2,76.9 1 4
github.com/TerraDharitri/drt-go-chain-storage/leveldb/serialActions.go:76.9,79.3 2 1
github.com/TerraDharitri/drt-go-chain-storage/leveldb/serialActions.go:81.2,81.36 1 3
github.com/TerraDharitri/drt-go-chain-storage/leveldb/serialActions.go:84.58,86.15 2 4
github.com/TerraDharitri/drt-go-chain-storage/leveldb/serialActions.go:86.15,88.3 1 0
github.com/TerraDharitri/drt-go-chain-storage/leveldb/serialActions.go:90.2,90.27 1 4
github.com/TerraDharitri/drt-go-chain-storage/txcache/config.go:37.46,38.27 1 58
github.com/TerraDharitri/drt-go-chain-storage/txcache/config.go:38.27,40.3 1 1
github.com/TerraDharitri/drt-go-chain-storage/txcache/config.go:41.2,41.86 1 57
github.com/TerraDharitri/drt-go-chain-storage/txcache/config.go:41.86,43.3 1 1
github.com/TerraDharitri/drt-go-chain-storage/txcache/config.go:44.2,44.142 1 56
github.com/TerraDharitri/drt-go-chain-storage/txcache/config.go:44.142,46.3 1 1
github.com/TerraDharitri/drt-go-chain-storage/txcache/config.go:47.2,47.69 1 55
github.com/TerraDharitri/drt-go-chain-storage/txcache/config.go:47.69,49.3 1 1
github.com/TerraDharitri/drt-go-chain-storage/txcache/config.go:51.2,51.106 1 54
github.com/TerraDharitri/drt-go-chain-storage/txcache/config.go:51.106,53.3 1 1
github.com/TerraDharitri/drt-go-chain-storage/txcache/config.go:54.2,54.51 1 53
github.com/TerraDharitri/drt-go-chain-storage/txcache/config.go:54.51,56.3 1 1
github.com/TerraDharitri/drt-go-chain-storage/txcache/config.go:57.2,57.80 1 52
github.com/TerraDharitri/drt-go-chain-storage/txcache/config.go:57.80,59.3 1 0
github.com/TerraDharitri/drt-go-chain-storage/txcache/config.go:61.2,61.12 1 52
github.com/TerraDharitri/drt-go-chain-storage/txcache/config.go:64.72,69.2 1 51
github.com/TerraDharitri/drt-go-chain-storage/txcache/config.go:72.47,74.16 2 58
github.com/TerraDharitri/drt-go-chain-storage/txcache/config.go:74.16,76.3 1 0
github.com/TerraDharitri/drt-go-chain-storage/txcache/config.go:78.2,78.22 1 58
github.com/TerraDharitri/drt-go-chain-storage/txcache/config.go:90.51,91.27 1 2
github.com/TerraDharitri/drt-go-chain-storage/txcache/config.go:91.27,93.3 1 0
github.com/TerraDharitri/drt-go-chain-storage/txcache/config.go:94.2,94.86 1 2
github.com/TerraDharitri/drt-go-chain-storage/txcache/config.go:94.86,96.3 1 0
github.com/TerraDharitri/drt-go-chain-storage/txcache/config.go:97.2,97.48 1 2
github.com/TerraDharitri/drt-go-chain-storage/txcache/config.go:97.48,99.3 1 0
github.com/TerraDharitri/drt-go-chain-storage/txcache/config.go:100.2,100.94 1 2
github.com/TerraDharitri/drt-go-chain-storage/txcache/config.go:100.94,102.3 1 0
github.com/TerraDharitri/drt-go-chain-storage/txcache/config.go:103.2,103.80 1 2
github.com/TerraDharitri/drt-go-chain-storage/txcache/config.go:103.80,105.3 1 0
github.com/TerraDharitri/drt-go-chain-storage/txcache/config.go:107.2,107.12 1 2
github.com/TerraDharitri/drt-go-chain-storage/txcache/config.go:111.52,113.16 2 2
github.com/TerraDharitri/drt-go-chain-storage/txcache/config.go:113.16,115.3 1 0
github.com/TerraDharitri/drt-go-chain-storage/txcache/config.go:117.2,117.22 1 2
github.com/TerraDharitri/drt-go-chain-storage/txcache/crossTxCache.go:17.73,21.16 3 2
github.com/TerraDharitri/drt-go-chain-storage/txcache/crossTxCache.go:21.16,23.3 1 0
github.com/TerraDharitri/drt-go-chain-storage/txcache/crossTxCache.go:25.2,34.16 3 2
github.com/TerraDharitri/drt-go-chain-storage/txcache/crossTxCache.go:34.16,36.3 1 0
github.com/TerraDharitri/drt-go-chain-storage/txcache/crossTxCache.go:38.2,43.20 2 2
github.com/TerraDharitri/drt-go-chain-storage/txcache/crossTxCache.go:47.70,56.2 3 0
github.com/TerraDharitri/drt-go-chain-storage/txcache/crossTxCache.go:59.76,62.2 2 16
github.com/TerraDharitri/drt-go-chain-storage/txcache/crossTxCache.go:65.83,67.9 2 6
github.com/TerraDharitri/drt-go-chain-storage/txcache/crossTxCache.go:67.9,69.3 1 3
github.com/TerraDharitri/drt-go-chain-storage/txcache/crossTxCache.go:70.2,71.9 2 3
github.com/TerraDharitri/drt-go-chain-storage/txcache/crossTxCache.go:71.9,73.3 1 0
github.com/TerraDharitri/drt-go-chain-storage/txcache/crossTxCache.go:75.2,75.17 1 3
github.com/TerraDharitri/drt-go-chain-storage/txcache/crossTxCache.go:80.73,82.9 2 4
github.com/TerraDharitri/drt-go-chain-storage/txcache/crossTxCache.go:82.9,84.3 1 2
github.com/TerraDharitri/drt-go-chain-storage/txcache/crossTxCache.go:86.2,86.25 1 2
github.com/TerraDharitri/drt-go-chain-storage/txcache/crossTxCache.go:91.74,93.2 1 2
github.com/TerraDharitri/drt-go-chain-storage/txcache/crossTxCache.go:96.63,99.2 2 0
github.com/TerraDharitri/drt-go-chain-storage/txcache/crossTxCache.go:102.76,103.55 1 0
github.com/TerraDharitri/drt-go-chain-storage/txcache/crossTxCache.go:103.55,105.10 2 0
github.com/TerraDharitri/drt-go-chain-storage/txcache/crossTxCache.go:105.10,107.4 1 0
github.com/TerraDharitri/drt-go-chain-storage/txcache/crossTxCache.go:109.3,109.20 1 0
github.com/TerraDharitri/drt-go-chain-storage/txcache/crossTxCache.go:116.89,118.2 1 1
github.com/TerraDharitri/drt-go-chain-storage/txcache/crossTxCache.go:121.50,123.2 1 0
github.com/TerraDharitri/drt-go-chain-storage/txcache/diagnosis.go:25.40,28.2 2 0
github.com/TerraDharitri/drt-go-chain-storage/txcache/diagnosis.go:30.42,31.38 1 14
github.com/TerraDharitri/drt-go-chain-storage/txcache/diagnosis.go:31.38,33.3 1 14
github.com/TerraDharitri/drt-go-chain-storage/txcache/diagnosis.go:35.2,57.3 11 0
github.com/TerraDharitri/drt-go-chain-storage/txcache/diagnosis.go:60.46,61.58 1 0
github.com/TerraDharitri/drt-go-chain-storage/txcache/diagnosis.go:61.58,63.3 1 0
github.com/TerraDharitri/drt-go-chain-storage/txcache/diagnosis.go:65.2,66.28 2 0
github.com/TerraDharitri/drt-go-chain-storage/txcache/diagnosis.go:66.28,68.3 1 0
github.com/TerraDharitri/drt-go-chain-storage/txcache/diagnosis.go:70.2,72.127 3 0
github.com/TerraDharitri/drt-go-chain-storage/txcache/diagnosis.go:77.110,81.41 3 0
github.com/TerraDharitri/drt-go-chain-storage/txcache/diagnosis.go:81.41,88.3 5 0
github.com/TerraDharitri/drt-go-chain-storage/txcache/diagnosis.go:90.2,91.25 2 0
github.com/TerraDharitri/drt-go-chain-storage/txcache/diagnosis.go:94.103,107.2 2 0
github.com/TerraDharitri/drt-go-chain-storage/txcache/diagnosis.go:109.117,110.51 1 14
github.com/TerraDharitri/drt-go-chain-storage/txcache/diagnosis.go:110.51,112.3 1 14
github.com/TerraDharitri/drt-go-chain-storage/txcache/diagnosis.go:114.2,114.27 1 0
github.com/TerraDharitri/drt-go-chain-storage/txcache/diagnosis.go:114.27,117.3 2 0
github.com/TerraDharitri/drt-go-chain-storage/txcache/diagnosis.go:117.8,119.3 1 0
github.com/TerraDharitri/drt-go-chain-storage/txcache/disabledCache.go:14.40,16.2 1 1
github.com/TerraDharitri/drt-go-chain-storage/txcache/disabledCache.go:19.80,21.2 1 1
github.com/TerraDharitri/drt-go-chain-storage/txcache/disabledCache.go:24.79,26.2 1 1
github.com/TerraDharitri/drt-go-chain-storage/txcache/disabledCache.go:29.93,31.2 1 1
github.com/TerraDharitri/drt-go-chain-storage/txcache/disabledCache.go:34.59,36.2 1 1
github.com/TerraDharitri/drt-go-chain-storage/txcache/disabledCache.go:39.39,41.2 1 1
github.com/TerraDharitri/drt-go-chain-storage/txcache/disabledCache.go:44.59,46.2 1 0
github.com/TerraDharitri/drt-go-chain-storage/txcache/disabledCache.go:49.44,51.2 1 0
github.com/TerraDharitri/drt-go-chain-storage/txcache/disabledCache.go:54.71,55.2 0 1
github.com/TerraDharitri/drt-go-chain-storage/txcache/disabledCache.go:58.38,59.2 0 1
github.com/TerraDharitri/drt-go-chain-storage/txcache/disabledCache.go:62.80,64.2 1 1
github.com/TerraDharitri/drt-go-chain-storage/txcache/disabledCache.go:67.72,69.2 1 1
github.com/TerraDharitri/drt-go-chain-storage/txcache/disabledCache.go:72.48,74.2 1 1
github.com/TerraDharitri/drt-go-chain-storage/txcache/disabledCache.go:77.73,79.2 1 1
github.com/TerraDharitri/drt-go-chain-storage/txcache/disabledCache.go:82.88,84.2 1 1
github.com/TerraDharitri/drt-go-chain-storage/txcache/disabledCache.go:87.47,88.2 0 1
github.com/TerraDharitri/drt-go-chain-storage/txcache/disabledCache.go:91.45,93.2 1 1
github.com/TerraDharitri/drt-go-chain-storage/txcache/disabledCache.go:96.43,98.2 1 1
github.com/TerraDharitri/drt-go-chain-storage/txcache/disabledCache.go:101.91,102.2 0 1
github.com/TerraDharitri/drt-go-chain-storage/txcache/disabledCache.go:105.56,106.2 0 0
[...]
github.com/TerraDharitri/drt-go-chain-storage/txcache/transactionsHeap.go:29.2,29.11 1 20
github.com/TerraDharitri/drt-go-chain-storage/txcache/transactionsHeap.go:33.38,33.61 1 8239261
github.com/TerraDharitri/drt-go-chain-storage/txcache/transactionsHeap.go:36.48,38.2 1 77956001
github.com/TerraDharitri/drt-go-chain-storage/txcache/transactionsHeap.go:41.43,43.2 1 49776294
github.com/TerraDharitri/drt-go-chain-storage/txcache/transactionsHeap.go:46.48,48.2 1 3598829
github.com/TerraDharitri/drt-go-chain-storage/txcache/transactionsHeap.go:51.46,59.2 5 2320176
github.com/TerraDharitri/drt-go-chain-storage/txcache/transactionsHeapItem.go:25.88,26.21 1 1725041
github.com/TerraDharitri/drt-go-chain-storage/txcache/transactionsHeapItem.go:26.21,28.3 1 1
github.com/TerraDharitri/drt-go-chain-storage/txcache/transactionsHeapItem.go:30.2,44.8 2 1725040
github.com/TerraDharitri/drt-go-chain-storage/txcache/transactionsHeapItem.go:47.82,54.2 4 1020060
github.com/TerraDharitri/drt-go-chain-storage/txcache/transactionsHeapItem.go:56.63,58.16 2 1020060
github.com/TerraDharitri/drt-go-chain-storage/txcache/transactionsHeapItem.go:58.16,60.3 1 1020060
github.com/TerraDharitri/drt-go-chain-storage/txcache/transactionsHeapItem.go:62.2,63.29 2 1020060
github.com/TerraDharitri/drt-go-chain-storage/txcache/transactionsHeapItem.go:63.29,65.3 1 1
github.com/TerraDharitri/drt-go-chain-storage/txcache/transactionsHeapItem.go:68.62,69.55 1 2320101
github.com/TerraDharitri/drt-go-chain-storage/txcache/transactionsHeapItem.go:69.55,71.3 1 446294
github.com/TerraDharitri/drt-go-chain-storage/txcache/transactionsHeapItem.go:73.2,76.13 4 1873807
github.com/TerraDharitri/drt-go-chain-storage/txcache/transactionsHeapItem.go:79.59,80.43 1 1020070
github.com/TerraDharitri/drt-go-chain-storage/txcache/transactionsHeapItem.go:80.43,82.3 1 647355
github.com/TerraDharitri/drt-go-chain-storage/txcache/transactionsHeapItem.go:83.2,83.29 1 372715
github.com/TerraDharitri/drt-go-chain-storage/txcache/transactionsHeapItem.go:83.29,85.3 1 3
github.com/TerraDharitri/drt-go-chain-storage/txcache/transactionsHeapItem.go:87.2,88.19 2 372712
github.com/TerraDharitri/drt-go-chain-storage/txcache/transactionsHeapItem.go:88.19,95.3 1 2
github.com/TerraDharitri/drt-go-chain-storage/txcache/transactionsHeapItem.go:97.2,97.22 1 372712
github.com/TerraDharitri/drt-go-chain-storage/txcache/transactionsHeapItem.go:100.58,101.43 1 1020066
github.com/TerraDharitri/drt-go-chain-storage/txcache/transactionsHeapItem.go:101.43,103.3 1 372709
github.com/TerraDharitri/drt-go-chain-storage/txcache/transactionsHeapItem.go:106.2,107.18 2 647357
github.com/TerraDharitri/drt-go-chain-storage/txcache/transactionsHeapItem.go:107.18,114.3 1 4
github.com/TerraDharitri/drt-go-chain-storage/txcache/transactionsHeapItem.go:116.2,116.21 1 647357
github.com/TerraDharitri/drt-go-chain-storage/txcache/transactionsHeapItem.go:119.69,120.29 1 1020068
github.com/TerraDharitri/drt-go-chain-storage/txcache/transactionsHeapItem.go:120.29,122.3 1 1
github.com/TerraDharitri/drt-go-chain-storage/txcache/transactionsHeapItem.go:124.2,125.16 2 1020067
github.com/TerraDharitri/drt-go-chain-storage/txcache/transactionsHeapItem.go:125.16,127.3 1 0
github.com/TerraDharitri/drt-go-chain-storage/txcache/transactionsHeapItem.go:130.2,134.26 4 1020067
github.com/TerraDharitri/drt-go-chain-storage/txcache/transactionsHeapItem.go:134.26,141.3 1 2
github.com/TerraDharitri/drt-go-chain-storage/txcache/transactionsHeapItem.go:143.2,143.29 1 1020067
github.com/TerraDharitri/drt-go-chain-storage/txcache/transactionsHeapItem.go:146.59,147.29 1 1020063
github.com/TerraDharitri/drt-go-chain-storage/txcache/transactionsHeapItem.go:147.29,149.3 1 0
github.com/TerraDharitri/drt-go-chain-storage/txcache/transactionsHeapItem.go:151.2,152.18 2 1020063
github.com/TerraDharitri/drt-go-chain-storage/txcache/transactionsHeapItem.go:152.18,159.3 1 5
github.com/TerraDharitri/drt-go-chain-storage/txcache/transactionsHeapItem.go:161.2,161.21 1 1020063
github.com/TerraDharitri/drt-go-chain-storage/txcache/transactionsHeapItem.go:164.91,166.26 2 1020059
github.com/TerraDharitri/drt-go-chain-storage/txcache/transactionsHeapItem.go:166.26,171.3 1 2
github.com/TerraDharitri/drt-go-chain-storage/txcache/transactionsHeapItem.go:173.2,173.29 1 1020059
github.com/TerraDharitri/drt-go-chain-storage/txcache/transactionsHeapItem.go:176.63,177.43 1 1020059
github.com/TerraDharitri/drt-go-chain-storage/txcache/transactionsHeapItem.go:177.43,179.3 1 372706
github.com/TerraDharitri/drt-go-chain-storage/txcache/transactionsHeapItem.go:181.2,182.17 2 647353
github.com/TerraDharitri/drt-go-chain-storage/txcache/transactionsHeapItem.go:182.17,188.3 1 3
github.com/TerraDharitri/drt-go-chain-storage/txcache/transactionsHeapItem.go:190.2,190.20 1 647353
github.com/TerraDharitri/drt-go-chain-storage/txcache/transactionsHeapItem.go:193.98,194.29 1 1020067
github.com/TerraDharitri/drt-go-chain-storage/txcache/transactionsHeapItem.go:194.29,196.3 1 647359
github.com/TerraDharitri/drt-go-chain-storage/txcache/transactionsHeapItem.go:198.2,199.16 2 372708
github.com/TerraDharitri/drt-go-chain-storage/txcache/transactionsHeapItem.go:199.16,201.3 1 0
github.com/TerraDharitri/drt-go-chain-storage/txcache/transactionsHeapItem.go:203.2,204.12 2 372708
github.com/TerraDharitri/drt-go-chain-storage/txcache/transactionsHeapItem.go:207.112,209.2 1 77956001
github.com/TerraDharitri/drt-go-chain-storage/txcache/txByHashMap.go:16.54,22.2 2 51
github.com/TerraDharitri/drt-go-chain-storage/txcache/txByHashMap.go:25.62,27.11 2 5961550
github.com/TerraDharitri/drt-go-chain-storage/txcache/txByHashMap.go:27.11,30.3 2 5960917
github.com/TerraDharitri/drt-go-chain-storage/txcache/txByHashMap.go:32.2,32.14 1 5961550
github.com/TerraDharitri/drt-go-chain-storage/txcache/txByHashMap.go:36.79,38.14 2 1309514
github.com/TerraDharitri/drt-go-chain-storage/txcache/txByHashMap.go:38.14,40.3 1 5005
github.com/TerraDharitri/drt-go-chain-storage/txcache/txByHashMap.go:42.2,43.9 2 1304509
github.com/TerraDharitri/drt-go-chain-storage/txcache/txByHashMap.go:43.9,45.3 1 0
github.com/TerraDharitri/drt-go-chain-storage/txcache/txByHashMap.go:47.2,47.13 1 1304509
github.com/TerraDharitri/drt-go-chain-storage/txcache/txByHashMap.go:47.13,50.3 2 1304509
github.com/TerraDharitri/drt-go-chain-storage/txcache/txByHashMap.go:52.2,52.17 1 1304509
github.com/TerraDharitri/drt-go-chain-storage/txcache/txByHashMap.go:56.76,58.9 2 135
github.com/TerraDharitri/drt-go-chain-storage/txcache/txByHashMap.go:58.9,60.3 1 6
github.com/TerraDharitri/drt-go-chain-storage/txcache/txByHashMap.go:62.2,63.17 2 129
github.com/TerraDharitri/drt-go-chain-storage/txcache/txByHashMap.go:67.67,70.34 2 4541
github.com/TerraDharitri/drt-go-chain-storage/txcache/txByHashMap.go:70.34,72.14 2 1304508
github.com/TerraDharitri/drt-go-chain-storage/txcache/txByHashMap.go:72.14,74.4 1 1300037
github.com/TerraDharitri/drt-go-chain-storage/txcache/txByHashMap.go:77.2,77.19 1 4541
github.com/TerraDharitri/drt-go-chain-storage/txcache/txByHashMap.go:81.64,82.61 1 1
github.com/TerraDharitri/drt-go-chain-storage/txcache/txByHashMap.go:82.61,85.3 2 2
github.com/TerraDharitri/drt-go-chain-storage/txcache/txByHashMap.go:88.35,91.2 2 3
github.com/TerraDharitri/drt-go-chain-storage/txcache/txByHashMap.go:93.43,96.33 3 5
github.com/TerraDharitri/drt-go-chain-storage/txcache/txByHashMap.go:96.33,98.3 1 23
github.com/TerraDharitri/drt-go-chain-storage/txcache/txByHashMap.go:100.2,100.20 1 5
github.com/TerraDharitri/drt-go-chain-storage/txcache/txCache.go:29.76,34.16 4 58
github.com/TerraDharitri/drt-go-chain-storage/txcache/txCache.go:34.16,36.3 1 6
github.com/TerraDharitri/drt-go-chain-storage/txcache/txCache.go:37.2,37.23 1 52
github.com/TerraDharitri/drt-go-chain-storage/txcache/txCache.go:37.23,39.3 1 1
github.com/TerraDharitri/drt-go-chain-storage/txcache/txCache.go:42.2,53.21 4 51
github.com/TerraDharitri/drt-go-chain-storage/txcache/txCache.go:58.75,59.37 1 5961550
github.com/TerraDharitri/drt-go-chain-storage/txcache/txCache.go:59.37,61.3 1 1
github.com/TerraDharitri/drt-go-chain-storage/txcache/txCache.go:63.2,67.34 3 5961549
github.com/TerraDharitri/drt-go-chain-storage/txcache/txCache.go:67.34,69.3 1 606349
github.com/TerraDharitri/drt-go-chain-storage/txcache/txCache.go:71.2,75.38 5 5961549
github.com/TerraDharitri/drt-go-chain-storage/txcache/txCache.go:75.38,82.3 1 2
github.com/TerraDharitri/drt-go-chain-storage/txcache/txCache.go:84.2,84.22 1 5961549
github.com/TerraDharitri/drt-go-chain-storage/txcache/txCache.go:84.22,87.3 2 3
github.com/TerraDharitri/drt-go-chain-storage/txcache/txCache.go:91.2,91.47 1 5961549
github.com/TerraDharitri/drt-go-chain-storage/txcache/txCache.go:95.78,98.2 2 116
github.com/TerraDharitri/drt-go-chain-storage/txcache/txCache.go:102.177,103.26 1 14
github.com/TerraDharitri/drt-go-chain-storage/txcache/txCache.go:103.26,106.3 2 0
github.com/TerraDharitri/drt-go-chain-storage/txcache/txCache.go:108.2,132.37 9 14
github.com/TerraDharitri/drt-go-chain-storage/txcache/txCache.go:135.55,137.2 1 68
github.com/TerraDharitri/drt-go-chain-storage/txcache/txCache.go:140.58,145.20 4 5006
github.com/TerraDharitri/drt-go-chain-storage/txcache/txCache.go:145.20,148.3 1 534
github.com/TerraDharitri/drt-go-chain-storage/txcache/txCache.go:150.2,151.22 2 4472
github.com/TerraDharitri/drt-go-chain-storage/txcache/txCache.go:151.22,153.3 1 4471
github.com/TerraDharitri/drt-go-chain-storage/txcache/txCache.go:155.2,156.13 2 4472
github.com/TerraDharitri/drt-go-chain-storage/txcache/txCache.go:160.38,162.2 1 606632
github.com/TerraDharitri/drt-go-chain-storage/txcache/txCache.go:165.40,167.2 1 606652
github.com/TerraDharitri/drt-go-chain-storage/txcache/txCache.go:170.33,172.2 1 1
github.com/TerraDharitri/drt-go-chain-storage/txcache/txCache.go:175.53,177.2 1 0
github.com/TerraDharitri/drt-go-chain-storage/txcache/txCache.go:180.45,182.2 1 606633
github.com/TerraDharitri/drt-go-chain-storage/txcache/txCache.go:185.71,187.2 1 1
github.com/TerraDharitri/drt-go-chain-storage/txcache/txCache.go:190.66,193.66 2 0
github.com/TerraDharitri/drt-go-chain-storage/txcache/txCache.go:193.66,195.3 1 0
github.com/TerraDharitri/drt-go-chain-storage/txcache/txCache.go:197.2,197.21 1 0
github.com/TerraDharitri/drt-go-chain-storage/txcache/txCache.go:201.89,203.9 2 3
github.com/TerraDharitri/drt-go-chain-storage/txcache/txCache.go:203.9,205.3 1 0
github.com/TerraDharitri/drt-go-chain-storage/txcache/txCache.go:207.2,207.31 1 3
github.com/TerraDharitri/drt-go-chain-storage/txcache/txCache.go:211.31,216.2 4 3
github.com/TerraDharitri/drt-go-chain-storage/txcache/txCache.go:219.74,222.2 2 1
github.com/TerraDharitri/drt-go-chain-storage/txcache/txCache.go:226.68,228.8 2 2
github.com/TerraDharitri/drt-go-chain-storage/txcache/txCache.go:228.8,230.3 1 1
github.com/TerraDharitri/drt-go-chain-storage/txcache/txCache.go:231.2,231.19 1 1
github.com/TerraDharitri/drt-go-chain-storage/txcache/txCache.go:235.44,238.2 2 104
github.com/TerraDharitri/drt-go-chain-storage/txcache/txCache.go:242.69,244.8 2 2
github.com/TerraDharitri/drt-go-chain-storage/txcache/txCache.go:244.8,246.3 1 1
github.com/TerraDharitri/drt-go-chain-storage/txcache/txCache.go:247.2,247.19 1 1
github.com/TerraDharitri/drt-go-chain-storage/txcache/txCache.go:251.82,254.2 2 1
github.com/TerraDharitri/drt-go-chain-storage/txcache/txCache.go:257.42,259.2 1 0
github.com/TerraDharitri/drt-go-chain-storage/txcache/txCache.go:262.39,264.2 1 1
github.com/TerraDharitri/drt-go-chain-storage/txcache/txCache.go:268.37,270.2 1 0
github.com/TerraDharitri/drt-go-chain-storage/txcache/txCache.go:273.84,275.2 1 1
github.com/TerraDharitri/drt-go-chain-storage/txcache/txCache.go:278.49,280.2 1 0
github.com/TerraDharitri/drt-go-chain-storage/txcache/txCache.go:283.63,284.2 0 0
github.com/TerraDharitri/drt-go-chain-storage/txcache/txCache.go:287.37,289.2 1 1
github.com/TerraDharitri/drt-go-chain-storage/txcache/txCache.go:292.45,294.2 1 1
github.com/TerraDharitri/drt-go-chain-storage/txcache/txListBySenderMap.go:22.22,29.2 2 55
github.com/TerraDharitri/drt-go-chain-storage/txcache/txListBySenderMap.go:33.93,39.2 4 5961857
github.com/TerraDharitri/drt-go-chain-storage/txcache/txListBySenderMap.go:42.87,44.8 2 5961857
github.com/TerraDharitri/drt-go-chain-storage/txcache/txListBySenderMap.go:44.8,46.3 1 4490010
github.com/TerraDharitri/drt-go-chain-storage/txcache/txListBySenderMap.go:48.2,52.8 4 1471847
github.com/TerraDharitri/drt-go-chain-storage/txcache/txListBySenderMap.go:52.8,54.3 1 45
github.com/TerraDharitri/drt-go-chain-storage/txcache/txListBySenderMap.go:56.2,56.32 1 1471802
github.com/TerraDharitri/drt-go-chain-storage/txcache/txListBySenderMap.go:59.90,61.9 2 7696427
github.com/TerraDharitri/drt-go-chain-storage/txcache/txListBySenderMap.go:61.9,63.3 1 2943650
github.com/TerraDharitri/drt-go-chain-storage/txcache/txListBySenderMap.go:65.2,66.28 2 4752777
github.com/TerraDharitri/drt-go-chain-storage/txcache/txListBySenderMap.go:69.75,76.2 4 1471802
github.com/TerraDharitri/drt-go-chain-storage/txcache/txListBySenderMap.go:79.118,83.9 3 4476
github.com/TerraDharitri/drt-go-chain-storage/txcache/txListBySenderMap.go:83.9,88.3 2 1
github.com/TerraDharitri/drt-go-chain-storage/txcache/txListBySenderMap.go:90.2,92.16 3 4475
github.com/TerraDharitri/drt-go-chain-storage/txcache/txListBySenderMap.go:95.85,96.29 1 262605
github.com/TerraDharitri/drt-go-chain-storage/txcache/txListBySenderMap.go:96.29,98.3 1 127482
github.com/TerraDharitri/drt-go-chain-storage/txcache/txListBySenderMap.go:102.66,106.13 3 127784
github.com/TerraDharitri/drt-go-chain-storage/txcache/txListBySenderMap.go:106.13,108.3 1 127601
github.com/TerraDharitri/drt-go-chain-storage/txcache/txListBySenderMap.go:110.2,110.16 1 127784
github.com/TerraDharitri/drt-go-chain-storage/txcache/txListBySenderMap.go:114.76,117.36 2 300
github.com/TerraDharitri/drt-go-chain-storage/txcache/txListBySenderMap.go:117.36,118.36 1 300
github.com/TerraDharitri/drt-go-chain-storage/txcache/txListBySenderMap.go:118.36,120.4 1 118
github.com/TerraDharitri/drt-go-chain-storage/txcache/txListBySenderMap.go:123.2,123.19 1 300
github.com/TerraDharitri/drt-go-chain-storage/txcache/txListBySenderMap.go:128.107,131.9 3 258130
github.com/TerraDharitri/drt-go-chain-storage/txcache/txListBySenderMap.go:131.9,133.3 1 0
github.com/TerraDharitri/drt-go-chain-storage/txcache/txListBySenderMap.go:135.2,136.42 2 258130
github.com/TerraDharitri/drt-go-chain-storage/txcache/txListBySenderMap.go:139.65,142.61 2 72
github.com/TerraDharitri/drt-go-chain-storage/txcache/txListBySenderMap.go:142.61,145.3 2 1483035
github.com/TerraDharitri/drt-go-chain-storage/txcache/txListBySenderMap.go:147.2,147.16 1 72
github.com/TerraDharitri/drt-go-chain-storage/txcache/txListBySenderMap.go:150.41,153.2 2 3
github.com/TerraDharitri/drt-go-chain-storage/txcache/txListForSender.go:22.89,28.2 1 1471812
github.com/TerraDharitri/drt-go-chain-storage/txcache/txListForSender.go:32.86,38.16 4 5961998
github.com/TerraDharitri/drt-go-chain-storage/txcache/txListForSender.go:38.16,40.3 1 733
github.com/TerraDharitri/drt-go-chain-storage/txcache/txListForSender.go:42.2,42.27 1 5961265
github.com/TerraDharitri/drt-go-chain-storage/txcache/txListForSender.go:42.27,44.3 1 5961033
github.com/TerraDharitri/drt-go-chain-storage/txcache/txListForSender.go:44.8,46.3 1 232
github.com/TerraDharitri/drt-go-chain-storage/txcache/txListForSender.go:48.2,51.22 3 5961265
github.com/TerraDharitri/drt-go-chain-storage/txcache/txListForSender.go:55.71,59.86 2 5961265
github.com/TerraDharitri/drt-go-chain-storage/txcache/txListForSender.go:59.86,60.42 1 5961265
github.com/TerraDharitri/drt-go-chain-storage/txcache/txListForSender.go:60.42,61.9 1 5961255
github.com/TerraDharitri/drt-go-chain-storage/txcache/txListForSender.go:64.3,69.58 4 10
github.com/TerraDharitri/drt-go-chain-storage/txcache/txListForSender.go:72.2,72.24 1 5961265
github.com/TerraDharitri/drt-go-chain-storage/txcache/txListForSender.go:75.65,82.2 5 5961265
github.com/TerraDharitri/drt-go-chain-storage/txcache/txListForSender.go:84.82,86.2 1 5961265
github.com/TerraDharitri/drt-go-chain-storage/txcache/txListForSender.go:95.113,101.86 3 5961998
github.com/TerraDharitri/drt-go-chain-storage/txcache/txListForSender.go:101.86,106.38 4 343817326
github.com/TerraDharitri/drt-go-chain-storage/txcache/txListForSender.go:106.38,107.44 1 13002700
github.com/TerraDharitri/drt-go-chain-storage/txcache/txListForSender.go:107.44,111.5 1 3
github.com/TerraDharitri/drt-go-chain-storage/txcache/txListForSender.go:113.4,113.45 1 13002697
github.com/TerraDharitri/drt-go-chain-storage/txcache/txListForSender.go:113.45,117.24 2 738
github.com/TerraDharitri/drt-go-chain-storage/txcache/txListForSender.go:117.24,120.6 1 733
github.com/TerraDharitri/drt-go-chain-storage/txcache/txListForSender.go:121.5,121.23 1 5
github.com/TerraDharitri/drt-go-chain-storage/txcache/txListForSender.go:121.23,124.6 1 3
github.com/TerraDharitri/drt-go-chain-storage/txcache/txListForSender.go:130.4,130.12 1 13001961
github.com/TerraDharitri/drt-go-chain-storage/txcache/txListForSender.go:133.3,133.37 1 330814626
github.com/TerraDharitri/drt-go-chain-storage/txcache/txListForSender.go:133.37,137.4 1 226
github.com/TerraDharitri/drt-go-chain-storage/txcache/txListForSender.go:143.2,143.17 1 5961033
github.com/TerraDharitri/drt-go-chain-storage/txcache/txListForSender.go:146.83,149.2 2 1304523
github.com/TerraDharitri/drt-go-chain-storage/txcache/txListForSender.go:152.54,154.2 1 262705
github.com/TerraDharitri/drt-go-chain-storage/txcache/txListForSender.go:157.70,163.87 4 921133
github.com/TerraDharitri/drt-go-chain-storage/txcache/txListForSender.go:163.87,166.3 2 3100183
github.com/TerraDharitri/drt-go-chain-storage/txcache/txListForSender.go:168.2,168.15 1 921133
github.com/TerraDharitri/drt-go-chain-storage/txcache/txListForSender.go:172.78,178.86 4 562111
github.com/TerraDharitri/drt-go-chain-storage/txcache/txListForSender.go:178.86,181.3 2 8501587
github.com/TerraDharitri/drt-go-chain-storage/txcache/txListForSender.go:183.2,183.15 1 562111
github.com/TerraDharitri/drt-go-chain-storage/txcache/txListForSender.go:187.56,189.2 1 7444650
github.com/TerraDharitri/drt-go-chain-storage/txcache/txListForSender.go:191.64,195.2 3 262805
github.com/TerraDharitri/drt-go-chain-storage/txcache/txListForSender.go:198.120,205.62 4 4478
github.com/TerraDharitri/drt-go-chain-storage/txcache/txListForSender.go:205.62,209.28 3 4484
github.com/TerraDharitri/drt-go-chain-storage/txcache/txListForSender.go:209.28,210.9 1 5
github.com/TerraDharitri/drt-go-chain-storage/txcache/txListForSender.go:213.3,219.55 5 4479
github.com/TerraDharitri/drt-go-chain-storage/txcache/txListForSender.go:222.2,222.24 1 4478
github.com/TerraDharitri/drt-go-chain-storage/txcache/txListForSender.go:225.99,229.61 3 258130
github.com/TerraDharitri/drt-go-chain-storage/txcache/txListForSender.go:229.61,233.27 3 1435154
github.com/TerraDharitri/drt-go-chain-storage/txcache/txListForSender.go:233.27,234.9 1 135120
github.com/TerraDharitri/drt-go-chain-storage/txcache/txListForSender.go:237.3,240.24 4 1300034
github.com/TerraDharitri/drt-go-chain-storage/txcache/wrappedTransaction.go:30.73,34.19 3 8861567
github.com/TerraDharitri/drt-go-chain-storage/txcache/wrappedTransaction.go:34.19,36.3 1 8861567
github.com/TerraDharitri/drt-go-chain-storage/txcache/wrappedTransaction.go:38.2,38.69 1 8861567
github.com/TerraDharitri/drt-go-chain-storage/txcache/wrappedTransaction.go:42.117,44.61 1 77956004
github.com/TerraDharitri/drt-go-chain-storage/txcache/wrappedTransaction.go:44.61,46.3 1 75714650
github.com/TerraDharitri/drt-go-chain-storage/txcache/wrappedTransaction.go:49.2,52.31 3 2241354
github.com/TerraDharitri/drt-go-chain-storage/txcache/wrappedTransaction.go:52.31,54.3 1 1
github.com/TerraDharitri/drt-go-chain-storage/txcache/wrappedTransaction.go:57.2,57.69 1 2241353
